This file contains any messages produced by compilers while
running configure, to aid debugging if configure makes a mistake.

It was created by oml2 configure 2.12.0pre.79-58cf-dirty, which was
generated by GNU Autoconf 2.69.  Invocation command line was

  $ ./configure 

## --------- ##
## Platform. ##
## --------- ##

hostname = federation
uname -m = i686
uname -r = 3.2.0-4-686-pae
uname -s = Linux
uname -v = #1 SMP Debian 3.2.65-1+deb7u2

/usr/bin/uname -p = unknown
/bin/uname -X     = unknown

/bin/arch              = unknown
/usr/bin/arch -k       = unknown
/usr/convex/getsysinfo = unknown
/usr/bin/hostinfo      = unknown
/bin/machine           = unknown
/usr/bin/oslevel       = unknown
/bin/universe          = unknown

PATH: /usr/local/sbin
PATH: /usr/local/bin
PATH: /usr/sbin
PATH: /usr/bin
PATH: /sbin
PATH: /bin


## ----------- ##
## Core tests. ##
## ----------- ##

configure:2754: checking for a BSD-compatible install
configure:2822: result: /usr/bin/install -c
configure:2833: checking whether build environment is sane
configure:2883: result: yes
configure:3024: checking for a thread-safe mkdir -p
configure:3063: result: /bin/mkdir -p
configure:3077: checking for gawk
configure:3093: found /usr/bin/gawk
configure:3104: result: gawk
configure:3115: checking whether make sets $(MAKE)
configure:3137: result: yes
configure:3231: checking for style of include used by make
configure:3259: result: GNU
configure:3330: checking for gcc
configure:3346: found /usr/bin/gcc
configure:3357: result: gcc
configure:3586: checking for C compiler version
configure:3595: gcc --version >&5
gcc (Debian 4.7.2-5) 4.7.2
Copyright (C) 2012 Free Software Foundation, Inc.
This is free software; see the source for copying conditions.  There is NO
warranty; not even for MERCHANTABILITY or FITNESS FOR A PARTICULAR PURPOSE.

configure:3606: $? = 0
configure:3595: gcc -v >&5
Using built-in specs.
COLLECT_GCC=gcc
COLLECT_LTO_WRAPPER=/usr/lib/gcc/i486-linux-gnu/4.7/lto-wrapper
Target: i486-linux-gnu
Configured with: ../src/configure -v --with-pkgversion='Debian 4.7.2-5' --with-bugurl=file:///usr/share/doc/gcc-4.7/README.Bugs --enable-languages=c,c++,go,fortran,objc,obj-c++ --prefix=/usr --program-suffix=-4.7 --enable-shared --enable-linker-build-id --with-system-zlib --libexecdir=/usr/lib --without-included-gettext --enable-threads=posix --with-gxx-include-dir=/usr/include/c++/4.7 --libdir=/usr/lib --enable-nls --with-sysroot=/ --enable-clocale=gnu --enable-libstdcxx-debug --enable-libstdcxx-time=yes --enable-gnu-unique-object --enable-plugin --enable-objc-gc --enable-targets=all --with-arch-32=i586 --with-tune=generic --enable-checking=release --build=i486-linux-gnu --host=i486-linux-gnu --target=i486-linux-gnu
Thread model: posix
gcc version 4.7.2 (Debian 4.7.2-5) 
configure:3606: $? = 0
configure:3595: gcc -V >&5
gcc: error: unrecognized command line option '-V'
gcc: fatal error: no input files
compilation terminated.
configure:3606: $? = 4
configure:3595: gcc -qversion >&5
gcc: error: unrecognized command line option '-qversion'
gcc: fatal error: no input files
compilation terminated.
configure:3606: $? = 4
configure:3626: checking whether the C compiler works
configure:3648: gcc    conftest.c  >&5
configure:3652: $? = 0
configure:3700: result: yes
configure:3703: checking for C compiler default output file name
configure:3705: result: a.out
configure:3711: checking for suffix of executables
configure:3718: gcc -o conftest    conftest.c  >&5
configure:3722: $? = 0
configure:3744: result: 
configure:3766: checking whether we are cross compiling
configure:3774: gcc -o conftest    conftest.c  >&5
configure:3778: $? = 0
configure:3785: ./conftest
configure:3789: $? = 0
configure:3804: result: no
configure:3809: checking for suffix of object files
configure:3831: gcc -c   conftest.c >&5
configure:3835: $? = 0
configure:3856: result: o
configure:3860: checking whether we are using the GNU C compiler
configure:3879: gcc -c   conftest.c >&5
configure:3879: $? = 0
configure:3888: result: yes
configure:3897: checking whether gcc accepts -g
configure:3917: gcc -c -g  conftest.c >&5
configure:3917: $? = 0
configure:3958: result: yes
configure:3975: checking for gcc option to accept ISO C89
configure:4038: gcc  -c -g -O2  conftest.c >&5
configure:4038: $? = 0
configure:4051: result: none needed
configure:4073: checking dependency style of gcc
configure:4184: result: gcc3
configure:4249: checking for ar
configure:4265: found /usr/bin/ar
configure:4276: result: ar
configure:4302: checking the archiver (ar) interface
configure:4312: gcc -c -g -O2  conftest.c >&5
configure:4312: $? = 0
configure:4314: ar cru libconftest.a conftest.o >&5
configure:4317: $? = 0
configure:4340: result: ar
configure:4390: checking build system type
configure:4404: result: i686-pc-linux-gnu
configure:4424: checking host system type
configure:4437: result: i686-pc-linux-gnu
configure:4478: checking how to print strings
configure:4505: result: printf
configure:4526: checking for a sed that does not truncate output
configure:4590: result: /bin/sed
configure:4608: checking for grep that handles long lines and -e
configure:4666: result: /bin/grep
configure:4671: checking for egrep
configure:4733: result: /bin/grep -E
configure:4738: checking for fgrep
configure:4800: result: /bin/grep -F
configure:4835: checking for ld used by gcc
configure:4902: result: /usr/bin/ld
configure:4909: checking if the linker (/usr/bin/ld) is GNU ld
configure:4924: result: yes
configure:4936: checking for BSD- or MS-compatible name lister (nm)
configure:4985: result: /usr/bin/nm -B
configure:5115: checking the name lister (/usr/bin/nm -B) interface
configure:5122: gcc -c -g -O2  conftest.c >&5
configure:5125: /usr/bin/nm -B "conftest.o"
configure:5128: output
00000000 B some_variable
configure:5135: result: BSD nm
configure:5138: checking whether ln -s works
configure:5142: result: yes
configure:5150: checking the maximum length of command line arguments
configure:5280: result: 1572864
configure:5297: checking whether the shell understands some XSI constructs
configure:5307: result: yes
configure:5311: checking whether the shell understands "+="
configure:5317: result: yes
configure:5352: checking how to convert i686-pc-linux-gnu file names to i686-pc-linux-gnu format
configure:5392: result: func_convert_file_noop
configure:5399: checking how to convert i686-pc-linux-gnu file names to toolchain format
configure:5419: result: func_convert_file_noop
configure:5426: checking for /usr/bin/ld option to reload object files
configure:5433: result: -r
configure:5507: checking for objdump
configure:5523: found /usr/bin/objdump
configure:5534: result: objdump
configure:5566: checking how to recognize dependent libraries
configure:5764: result: pass_all
configure:5849: checking for dlltool
configure:5879: result: no
configure:5909: checking how to associate runtime and link libraries
configure:5936: result: printf %s\n
configure:6060: checking for archiver @FILE support
configure:6077: gcc -c -g -O2  conftest.c >&5
configure:6077: $? = 0
configure:6080: ar cru libconftest.a @conftest.lst >&5
configure:6083: $? = 0
configure:6088: ar cru libconftest.a @conftest.lst >&5
ar: conftest.o: No such file or directory
configure:6091: $? = 1
configure:6103: result: @
configure:6161: checking for strip
configure:6177: found /usr/bin/strip
configure:6188: result: strip
configure:6260: checking for ranlib
configure:6276: found /usr/bin/ranlib
configure:6287: result: ranlib
configure:6389: checking command to parse /usr/bin/nm -B output from gcc object
configure:6509: gcc -c -g -O2  conftest.c >&5
configure:6512: $? = 0
configure:6516: /usr/bin/nm -B conftest.o \| sed -n -e 's/^.*[ ]\([ABCDGIRSTW][ABCDGIRSTW]*\)[ ][ ]*\([_A-Za-z][_A-Za-z0-9]*\)$/\1 \2 \2/p' | sed '/ __gnu_lto/d' \> conftest.nm
configure:6519: $? = 0
configure:6585: gcc -o conftest -g -O2   conftest.c conftstm.o >&5
configure:6588: $? = 0
configure:6626: result: ok
configure:6663: checking for sysroot
configure:6693: result: no
configure:6949: checking for mt
configure:6965: found /bin/mt
configure:6976: result: mt
configure:6999: checking if mt is a manifest tool
configure:7005: mt '-?'
configure:7013: result: no
configure:7655: checking how to run the C preprocessor
configure:7686: gcc -E  conftest.c
configure:7686: $? = 0
configure:7700: gcc -E  conftest.c
conftest.c:11:28: fatal error: ac_nonexistent.h: No such file or directory
compilation terminated.
configure:7700: $? = 1
configure: failed program was:
| /* confdefs.h */
| #define PACKAGE_NAME "oml2"
| #define PACKAGE_TARNAME "oml2"
| #define PACKAGE_VERSION "2.12.0pre.79-58cf-dirty"
| #define PACKAGE_STRING "oml2 2.12.0pre.79-58cf-dirty"
| #define PACKAGE_BUGREPORT "oml-user@lists.nicta.com.au"
| #define PACKAGE_URL ""
| #define PACKAGE "oml2"
| #define VERSION "2.12.0pre.79-58cf-dirty"
| /* end confdefs.h.  */
| #include <ac_nonexistent.h>
configure:7725: result: gcc -E
configure:7745: gcc -E  conftest.c
configure:7745: $? = 0
configure:7759: gcc -E  conftest.c
conftest.c:11:28: fatal error: ac_nonexistent.h: No such file or directory
compilation terminated.
configure:7759: $? = 1
configure: failed program was:
| /* confdefs.h */
| #define PACKAGE_NAME "oml2"
| #define PACKAGE_TARNAME "oml2"
| #define PACKAGE_VERSION "2.12.0pre.79-58cf-dirty"
| #define PACKAGE_STRING "oml2 2.12.0pre.79-58cf-dirty"
| #define PACKAGE_BUGREPORT "oml-user@lists.nicta.com.au"
| #define PACKAGE_URL ""
| #define PACKAGE "oml2"
| #define VERSION "2.12.0pre.79-58cf-dirty"
| /* end confdefs.h.  */
| #include <ac_nonexistent.h>
configure:7788: checking for ANSI C header files
configure:7808: gcc -c -g -O2  conftest.c >&5
configure:7808: $? = 0
configure:7881: gcc -o conftest -g -O2   conftest.c  >&5
configure:7881: $? = 0
configure:7881: ./conftest
configure:7881: $? = 0
configure:7892: result: yes
configure:7905: checking for sys/types.h
configure:7905: gcc -c -g -O2  conftest.c >&5
configure:7905: $? = 0
configure:7905: result: yes
configure:7905: checking for sys/stat.h
configure:7905: gcc -c -g -O2  conftest.c >&5
configure:7905: $? = 0
configure:7905: result: yes
configure:7905: checking for stdlib.h
configure:7905: gcc -c -g -O2  conftest.c >&5
configure:7905: $? = 0
configure:7905: result: yes
configure:7905: checking for string.h
configure:7905: gcc -c -g -O2  conftest.c >&5
configure:7905: $? = 0
configure:7905: result: yes
configure:7905: checking for memory.h
configure:7905: gcc -c -g -O2  conftest.c >&5
configure:7905: $? = 0
configure:7905: result: yes
configure:7905: checking for strings.h
configure:7905: gcc -c -g -O2  conftest.c >&5
configure:7905: $? = 0
configure:7905: result: yes
configure:7905: checking for inttypes.h
configure:7905: gcc -c -g -O2  conftest.c >&5
configure:7905: $? = 0
configure:7905: result: yes
configure:7905: checking for stdint.h
configure:7905: gcc -c -g -O2  conftest.c >&5
configure:7905: $? = 0
configure:7905: result: yes
configure:7905: checking for unistd.h
configure:7905: gcc -c -g -O2  conftest.c >&5
configure:7905: $? = 0
configure:7905: result: yes
configure:7919: checking for dlfcn.h
configure:7919: gcc -c -g -O2  conftest.c >&5
configure:7919: $? = 0
configure:7919: result: yes
configure:8125: checking for objdir
configure:8140: result: .libs
configure:8411: checking if gcc supports -fno-rtti -fno-exceptions
configure:8429: gcc -c -g -O2  -fno-rtti -fno-exceptions conftest.c >&5
cc1: warning: command line option '-fno-rtti' is valid for C++/ObjC++ but not for C [enabled by default]
configure:8433: $? = 0
configure:8446: result: no
configure:8773: checking for gcc option to produce PIC
configure:8780: result: -fPIC -DPIC
configure:8788: checking if gcc PIC flag -fPIC -DPIC works
configure:8806: gcc -c -g -O2  -fPIC -DPIC -DPIC conftest.c >&5
configure:8810: $? = 0
configure:8823: result: yes
configure:8852: checking if gcc static flag -static works
configure:8880: result: yes
configure:8895: checking if gcc supports -c -o file.o
configure:8916: gcc -c -g -O2  -o out/conftest2.o conftest.c >&5
configure:8920: $? = 0
configure:8942: result: yes
configure:8950: checking if gcc supports -c -o file.o
configure:8997: result: yes
configure:9030: checking whether the gcc linker (/usr/bin/ld) supports shared libraries
configure:10187: result: yes
configure:10224: checking whether -lc should be explicitly linked in
configure:10232: gcc -c -g -O2  conftest.c >&5
configure:10235: $? = 0
configure:10250: gcc -shared  -fPIC -DPIC conftest.o  -v -Wl,-soname -Wl,conftest -o conftest 2\>\&1 \| /bin/grep  -lc  \>/dev/null 2\>\&1
configure:10253: $? = 0
configure:10267: result: no
configure:10427: checking dynamic linker characteristics
configure:10927: gcc -o conftest -g -O2   -Wl,-rpath -Wl,/foo conftest.c  >&5
configure:10927: $? = 0
configure:11161: result: GNU/Linux ld.so
configure:11268: checking how to hardcode library paths into programs
configure:11293: result: immediate
configure:11833: checking whether stripping libraries is possible
configure:11838: result: yes
configure:11873: checking if libtool supports shared libraries
configure:11875: result: yes
configure:11878: checking whether to build shared libraries
configure:11899: result: yes
configure:11902: checking whether to build static libraries
configure:11906: result: yes
configure:12002: checking for g++
configure:12018: found /usr/bin/g++
configure:12029: result: g++
configure:12056: checking for C++ compiler version
configure:12065: g++ --version >&5
g++ (Debian 4.7.2-5) 4.7.2
Copyright (C) 2012 Free Software Foundation, Inc.
This is free software; see the source for copying conditions.  There is NO
warranty; not even for MERCHANTABILITY or FITNESS FOR A PARTICULAR PURPOSE.

configure:12076: $? = 0
configure:12065: g++ -v >&5
Using built-in specs.
COLLECT_GCC=g++
COLLECT_LTO_WRAPPER=/usr/lib/gcc/i486-linux-gnu/4.7/lto-wrapper
Target: i486-linux-gnu
Configured with: ../src/configure -v --with-pkgversion='Debian 4.7.2-5' --with-bugurl=file:///usr/share/doc/gcc-4.7/README.Bugs --enable-languages=c,c++,go,fortran,objc,obj-c++ --prefix=/usr --program-suffix=-4.7 --enable-shared --enable-linker-build-id --with-system-zlib --libexecdir=/usr/lib --without-included-gettext --enable-threads=posix --with-gxx-include-dir=/usr/include/c++/4.7 --libdir=/usr/lib --enable-nls --with-sysroot=/ --enable-clocale=gnu --enable-libstdcxx-debug --enable-libstdcxx-time=yes --enable-gnu-unique-object --enable-plugin --enable-objc-gc --enable-targets=all --with-arch-32=i586 --with-tune=generic --enable-checking=release --build=i486-linux-gnu --host=i486-linux-gnu --target=i486-linux-gnu
Thread model: posix
gcc version 4.7.2 (Debian 4.7.2-5) 
configure:12076: $? = 0
configure:12065: g++ -V >&5
g++: error: unrecognized command line option '-V'
g++: fatal error: no input files
compilation terminated.
configure:12076: $? = 4
configure:12065: g++ -qversion >&5
g++: error: unrecognized command line option '-qversion'
g++: fatal error: no input files
compilation terminated.
configure:12076: $? = 4
configure:12080: checking whether we are using the GNU C++ compiler
configure:12099: g++ -c   conftest.cpp >&5
configure:12099: $? = 0
configure:12108: result: yes
configure:12117: checking whether g++ accepts -g
configure:12137: g++ -c -g  conftest.cpp >&5
configure:12137: $? = 0
configure:12178: result: yes
configure:12203: checking dependency style of g++
configure:12314: result: gcc3
configure:12347: checking how to run the C++ preprocessor
configure:12374: g++ -E  conftest.cpp
configure:12374: $? = 0
configure:12388: g++ -E  conftest.cpp
conftest.cpp:23:28: fatal error: ac_nonexistent.h: No such file or directory
compilation terminated.
configure:12388: $? = 1
configure: failed program was:
| /* confdefs.h */
| #define PACKAGE_NAME "oml2"
| #define PACKAGE_TARNAME "oml2"
| #define PACKAGE_VERSION "2.12.0pre.79-58cf-dirty"
| #define PACKAGE_STRING "oml2 2.12.0pre.79-58cf-dirty"
| #define PACKAGE_BUGREPORT "oml-user@lists.nicta.com.au"
| #define PACKAGE_URL ""
| #define PACKAGE "oml2"
| #define VERSION "2.12.0pre.79-58cf-dirty"
| #define STDC_HEADERS 1
| #define HAVE_SYS_TYPES_H 1
| #define HAVE_SYS_STAT_H 1
| #define HAVE_STDLIB_H 1
| #define HAVE_STRING_H 1
| #define HAVE_MEMORY_H 1
| #define HAVE_STRINGS_H 1
| #define HAVE_INTTYPES_H 1
| #define HAVE_STDINT_H 1
| #define HAVE_UNISTD_H 1
| #define HAVE_DLFCN_H 1
| #define LT_OBJDIR ".libs/"
| /* end confdefs.h.  */
| #include <ac_nonexistent.h>
configure:12413: result: g++ -E
configure:12433: g++ -E  conftest.cpp
configure:12433: $? = 0
configure:12447: g++ -E  conftest.cpp
conftest.cpp:23:28: fatal error: ac_nonexistent.h: No such file or directory
compilation terminated.
configure:12447: $? = 1
configure: failed program was:
| /* confdefs.h */
| #define PACKAGE_NAME "oml2"
| #define PACKAGE_TARNAME "oml2"
| #define PACKAGE_VERSION "2.12.0pre.79-58cf-dirty"
| #define PACKAGE_STRING "oml2 2.12.0pre.79-58cf-dirty"
| #define PACKAGE_BUGREPORT "oml-user@lists.nicta.com.au"
| #define PACKAGE_URL ""
| #define PACKAGE "oml2"
| #define VERSION "2.12.0pre.79-58cf-dirty"
| #define STDC_HEADERS 1
| #define HAVE_SYS_TYPES_H 1
| #define HAVE_SYS_STAT_H 1
| #define HAVE_STDLIB_H 1
| #define HAVE_STRING_H 1
| #define HAVE_MEMORY_H 1
| #define HAVE_STRINGS_H 1
| #define HAVE_INTTYPES_H 1
| #define HAVE_STDINT_H 1
| #define HAVE_UNISTD_H 1
| #define HAVE_DLFCN_H 1
| #define LT_OBJDIR ".libs/"
| /* end confdefs.h.  */
| #include <ac_nonexistent.h>
configure:12616: checking for ld used by g++
configure:12683: result: /usr/bin/ld
configure:12690: checking if the linker (/usr/bin/ld) is GNU ld
configure:12705: result: yes
configure:12760: checking whether the g++ linker (/usr/bin/ld) supports shared libraries
configure:13762: result: yes
configure:13798: g++ -c -g -O2  conftest.cpp >&5
configure:13801: $? = 0
configure:14321: checking for g++ option to produce PIC
configure:14328: result: -fPIC -DPIC
configure:14336: checking if g++ PIC flag -fPIC -DPIC works
configure:14354: g++ -c -g -O2  -fPIC -DPIC -DPIC conftest.cpp >&5
configure:14358: $? = 0
configure:14371: result: yes
configure:14394: checking if g++ static flag -static works
configure:14422: result: yes
configure:14434: checking if g++ supports -c -o file.o
configure:14455: g++ -c -g -O2  -o out/conftest2.o conftest.cpp >&5
configure:14459: $? = 0
configure:14481: result: yes
configure:14486: checking if g++ supports -c -o file.o
configure:14533: result: yes
configure:14563: checking whether the g++ linker (/usr/bin/ld) supports shared libraries
configure:14602: result: yes
configure:14743: checking dynamic linker characteristics
configure:15411: result: GNU/Linux ld.so
configure:15464: checking how to hardcode library paths into programs
configure:15489: result: immediate
configure:15577: checking for gcc
configure:15604: result: gcc
configure:15833: checking for C compiler version
configure:15842: gcc --version >&5
gcc (Debian 4.7.2-5) 4.7.2
Copyright (C) 2012 Free Software Foundation, Inc.
This is free software; see the source for copying conditions.  There is NO
warranty; not even for MERCHANTABILITY or FITNESS FOR A PARTICULAR PURPOSE.

configure:15853: $? = 0
configure:15842: gcc -v >&5
Using built-in specs.
COLLECT_GCC=gcc
COLLECT_LTO_WRAPPER=/usr/lib/gcc/i486-linux-gnu/4.7/lto-wrapper
Target: i486-linux-gnu
Configured with: ../src/configure -v --with-pkgversion='Debian 4.7.2-5' --with-bugurl=file:///usr/share/doc/gcc-4.7/README.Bugs --enable-languages=c,c++,go,fortran,objc,obj-c++ --prefix=/usr --program-suffix=-4.7 --enable-shared --enable-linker-build-id --with-system-zlib --libexecdir=/usr/lib --without-included-gettext --enable-threads=posix --with-gxx-include-dir=/usr/include/c++/4.7 --libdir=/usr/lib --enable-nls --with-sysroot=/ --enable-clocale=gnu --enable-libstdcxx-debug --enable-libstdcxx-time=yes --enable-gnu-unique-object --enable-plugin --enable-objc-gc --enable-targets=all --with-arch-32=i586 --with-tune=generic --enable-checking=release --build=i486-linux-gnu --host=i486-linux-gnu --target=i486-linux-gnu
Thread model: posix
gcc version 4.7.2 (Debian 4.7.2-5) 
configure:15853: $? = 0
configure:15842: gcc -V >&5
gcc: error: unrecognized command line option '-V'
gcc: fatal error: no input files
compilation terminated.
configure:15853: $? = 4
configure:15842: gcc -qversion >&5
gcc: error: unrecognized command line option '-qversion'
gcc: fatal error: no input files
compilation terminated.
configure:15853: $? = 4
configure:15857: checking whether we are using the GNU C compiler
configure:15885: result: yes
configure:15894: checking whether gcc accepts -g
configure:15955: result: yes
configure:15972: checking for gcc option to accept ISO C89
configure:16048: result: none needed
configure:16070: checking dependency style of gcc
configure:16181: result: gcc3
configure:16198: checking for Minix Amsterdam compiler
configure:16222: result: no
configure:16439: checking whether gcc and cc understand -c and -o together
configure:16470: gcc -c conftest.c -o conftest2.o >&5
configure:16474: $? = 0
configure:16480: gcc -c conftest.c -o conftest2.o >&5
configure:16484: $? = 0
configure:16495: cc -c conftest.c >&5
configure:16499: $? = 0
configure:16507: cc -c conftest.c -o conftest2.o >&5
configure:16511: $? = 0
configure:16517: cc -c conftest.c -o conftest2.o >&5
configure:16521: $? = 0
configure:16539: result: yes
configure:16565: checking whether make sets $(MAKE)
configure:16587: result: yes
configure:16676: checking if host is Mac OS X
configure:16750: result: no
configure:16759: checking arpa/inet.h usability
configure:16759: gcc -c -g -O2  conftest.c >&5
configure:16759: $? = 0
configure:16759: result: yes
configure:16759: checking arpa/inet.h presence
configure:16759: gcc -E  conftest.c
configure:16759: $? = 0
configure:16759: result: yes
configure:16759: checking for arpa/inet.h
configure:16759: result: yes
configure:16759: checking fcntl.h usability
configure:16759: gcc -c -g -O2  conftest.c >&5
configure:16759: $? = 0
configure:16759: result: yes
configure:16759: checking fcntl.h presence
configure:16759: gcc -E  conftest.c
configure:16759: $? = 0
configure:16759: result: yes
configure:16759: checking for fcntl.h
configure:16759: result: yes
configure:16759: checking malloc.h usability
configure:16759: gcc -c -g -O2  conftest.c >&5
configure:16759: $? = 0
configure:16759: result: yes
configure:16759: checking malloc.h presence
configure:16759: gcc -E  conftest.c
configure:16759: $? = 0
configure:16759: result: yes
configure:16759: checking for malloc.h
configure:16759: result: yes
configure:16759: checking netdb.h usability
configure:16759: gcc -c -g -O2  conftest.c >&5
configure:16759: $? = 0
configure:16759: result: yes
configure:16759: checking netdb.h presence
configure:16759: gcc -E  conftest.c
configure:16759: $? = 0
configure:16759: result: yes
configure:16759: checking for netdb.h
configure:16759: result: yes
configure:16759: checking netinet/in.h usability
configure:16759: gcc -c -g -O2  conftest.c >&5
configure:16759: $? = 0
configure:16759: result: yes
configure:16759: checking netinet/in.h presence
configure:16759: gcc -E  conftest.c
configure:16759: $? = 0
configure:16759: result: yes
configure:16759: checking for netinet/in.h
configure:16759: result: yes
configure:16759: checking for stdlib.h
configure:16759: result: yes
configure:16759: checking for string.h
configure:16759: result: yes
configure:16759: checking for strings.h
configure:16759: result: yes
configure:16759: checking sys/ioctl.h usability
configure:16759: gcc -c -g -O2  conftest.c >&5
configure:16759: $? = 0
configure:16759: result: yes
configure:16759: checking sys/ioctl.h presence
configure:16759: gcc -E  conftest.c
configure:16759: $? = 0
configure:16759: result: yes
configure:16759: checking for sys/ioctl.h
configure:16759: result: yes
configure:16759: checking sys/socket.h usability
configure:16759: gcc -c -g -O2  conftest.c >&5
configure:16759: $? = 0
configure:16759: result: yes
configure:16759: checking sys/socket.h presence
configure:16759: gcc -E  conftest.c
configure:16759: $? = 0
configure:16759: result: yes
configure:16759: checking for sys/socket.h
configure:16759: result: yes
configure:16759: checking sys/time.h usability
configure:16759: gcc -c -g -O2  conftest.c >&5
configure:16759: $? = 0
configure:16759: result: yes
configure:16759: checking sys/time.h presence
configure:16759: gcc -E  conftest.c
configure:16759: $? = 0
configure:16759: result: yes
configure:16759: checking for sys/time.h
configure:16759: result: yes
configure:16759: checking sys/timeb.h usability
configure:16759: gcc -c -g -O2  conftest.c >&5
configure:16759: $? = 0
configure:16759: result: yes
configure:16759: checking sys/timeb.h presence
configure:16759: gcc -E  conftest.c
configure:16759: $? = 0
configure:16759: result: yes
configure:16759: checking for sys/timeb.h
configure:16759: result: yes
configure:16759: checking for unistd.h
configure:16759: result: yes
configure:16771: checking for stdbool.h that conforms to C99
configure:16838: gcc -c -g -O2  conftest.c >&5
configure:16838: $? = 0
configure:16845: result: yes
configure:16847: checking for _Bool
configure:16847: gcc -c -g -O2  conftest.c >&5
configure:16847: $? = 0
configure:16847: gcc -c -g -O2  conftest.c >&5
conftest.c: In function 'main':
conftest.c:72:20: error: expected expression before ')' token
configure:16847: $? = 1
configure: failed program was:
| /* confdefs.h */
| #define PACKAGE_NAME "oml2"
| #define PACKAGE_TARNAME "oml2"
| #define PACKAGE_VERSION "2.12.0pre.79-58cf-dirty"
| #define PACKAGE_STRING "oml2 2.12.0pre.79-58cf-dirty"
| #define PACKAGE_BUGREPORT "oml-user@lists.nicta.com.au"
| #define PACKAGE_URL ""
| #define PACKAGE "oml2"
| #define VERSION "2.12.0pre.79-58cf-dirty"
| #define STDC_HEADERS 1
| #define HAVE_SYS_TYPES_H 1
| #define HAVE_SYS_STAT_H 1
| #define HAVE_STDLIB_H 1
| #define HAVE_STRING_H 1
| #define HAVE_MEMORY_H 1
| #define HAVE_STRINGS_H 1
| #define HAVE_INTTYPES_H 1
| #define HAVE_STDINT_H 1
| #define HAVE_UNISTD_H 1
| #define HAVE_DLFCN_H 1
| #define LT_OBJDIR ".libs/"
| #define HAVE_ARPA_INET_H 1
| #define HAVE_FCNTL_H 1
| #define HAVE_MALLOC_H 1
| #define HAVE_NETDB_H 1
| #define HAVE_NETINET_IN_H 1
| #define HAVE_STDLIB_H 1
| #define HAVE_STRING_H 1
| #define HAVE_STRINGS_H 1
| #define HAVE_SYS_IOCTL_H 1
| #define HAVE_SYS_SOCKET_H 1
| #define HAVE_SYS_TIME_H 1
| #define HAVE_SYS_TIMEB_H 1
| #define HAVE_UNISTD_H 1
| /* end confdefs.h.  */
| #include <stdio.h>
| #ifdef HAVE_SYS_TYPES_H
| # include <sys/types.h>
| #endif
| #ifdef HAVE_SYS_STAT_H
| # include <sys/stat.h>
| #endif
| #ifdef STDC_HEADERS
| # include <stdlib.h>
| # include <stddef.h>
| #else
| # ifdef HAVE_STDLIB_H
| #  include <stdlib.h>
| # endif
| #endif
| #ifdef HAVE_STRING_H
| # if !defined STDC_HEADERS && defined HAVE_MEMORY_H
| #  include <memory.h>
| # endif
| # include <string.h>
| #endif
| #ifdef HAVE_STRINGS_H
| # include <strings.h>
| #endif
| #ifdef HAVE_INTTYPES_H
| # include <inttypes.h>
| #endif
| #ifdef HAVE_STDINT_H
| # include <stdint.h>
| #endif
| #ifdef HAVE_UNISTD_H
| # include <unistd.h>
| #endif
| int
| main ()
| {
| if (sizeof ((_Bool)))
| 	    return 0;
|   ;
|   return 0;
| }
configure:16847: result: yes
configure:16864: checking for inline
configure:16880: gcc -c -g -O2  conftest.c >&5
configure:16880: $? = 0
configure:16888: result: inline
configure:16906: checking for pid_t
configure:16906: gcc -c -g -O2  conftest.c >&5
configure:16906: $? = 0
configure:16906: gcc -c -g -O2  conftest.c >&5
conftest.c: In function 'main':
conftest.c:74:20: error: expected expression before ')' token
configure:16906: $? = 1
configure: failed program was:
| /* confdefs.h */
| #define PACKAGE_NAME "oml2"
| #define PACKAGE_TARNAME "oml2"
| #define PACKAGE_VERSION "2.12.0pre.79-58cf-dirty"
| #define PACKAGE_STRING "oml2 2.12.0pre.79-58cf-dirty"
| #define PACKAGE_BUGREPORT "oml-user@lists.nicta.com.au"
| #define PACKAGE_URL ""
| #define PACKAGE "oml2"
| #define VERSION "2.12.0pre.79-58cf-dirty"
| #define STDC_HEADERS 1
| #define HAVE_SYS_TYPES_H 1
| #define HAVE_SYS_STAT_H 1
| #define HAVE_STDLIB_H 1
| #define HAVE_STRING_H 1
| #define HAVE_MEMORY_H 1
| #define HAVE_STRINGS_H 1
| #define HAVE_INTTYPES_H 1
| #define HAVE_STDINT_H 1
| #define HAVE_UNISTD_H 1
| #define HAVE_DLFCN_H 1
| #define LT_OBJDIR ".libs/"
| #define HAVE_ARPA_INET_H 1
| #define HAVE_FCNTL_H 1
| #define HAVE_MALLOC_H 1
| #define HAVE_NETDB_H 1
| #define HAVE_NETINET_IN_H 1
| #define HAVE_STDLIB_H 1
| #define HAVE_STRING_H 1
| #define HAVE_STRINGS_H 1
| #define HAVE_SYS_IOCTL_H 1
| #define HAVE_SYS_SOCKET_H 1
| #define HAVE_SYS_TIME_H 1
| #define HAVE_SYS_TIMEB_H 1
| #define HAVE_UNISTD_H 1
| #define HAVE__BOOL 1
| #define HAVE_STDBOOL_H 1
| /* end confdefs.h.  */
| #include <stdio.h>
| #ifdef HAVE_SYS_TYPES_H
| # include <sys/types.h>
| #endif
| #ifdef HAVE_SYS_STAT_H
| # include <sys/stat.h>
| #endif
| #ifdef STDC_HEADERS
| # include <stdlib.h>
| # include <stddef.h>
| #else
| # ifdef HAVE_STDLIB_H
| #  include <stdlib.h>
| # endif
| #endif
| #ifdef HAVE_STRING_H
| # if !defined STDC_HEADERS && defined HAVE_MEMORY_H
| #  include <memory.h>
| # endif
| # include <string.h>
| #endif
| #ifdef HAVE_STRINGS_H
| # include <strings.h>
| #endif
| #ifdef HAVE_INTTYPES_H
| # include <inttypes.h>
| #endif
| #ifdef HAVE_STDINT_H
| # include <stdint.h>
| #endif
| #ifdef HAVE_UNISTD_H
| # include <unistd.h>
| #endif
| int
| main ()
| {
| if (sizeof ((pid_t)))
| 	    return 0;
|   ;
|   return 0;
| }
configure:16906: result: yes
configure:16917: checking for size_t
configure:16917: gcc -c -g -O2  conftest.c >&5
configure:16917: $? = 0
configure:16917: gcc -c -g -O2  conftest.c >&5
conftest.c: In function 'main':
conftest.c:74:21: error: expected expression before ')' token
configure:16917: $? = 1
configure: failed program was:
| /* confdefs.h */
| #define PACKAGE_NAME "oml2"
| #define PACKAGE_TARNAME "oml2"
| #define PACKAGE_VERSION "2.12.0pre.79-58cf-dirty"
| #define PACKAGE_STRING "oml2 2.12.0pre.79-58cf-dirty"
| #define PACKAGE_BUGREPORT "oml-user@lists.nicta.com.au"
| #define PACKAGE_URL ""
| #define PACKAGE "oml2"
| #define VERSION "2.12.0pre.79-58cf-dirty"
| #define STDC_HEADERS 1
| #define HAVE_SYS_TYPES_H 1
| #define HAVE_SYS_STAT_H 1
| #define HAVE_STDLIB_H 1
| #define HAVE_STRING_H 1
| #define HAVE_MEMORY_H 1
| #define HAVE_STRINGS_H 1
| #define HAVE_INTTYPES_H 1
| #define HAVE_STDINT_H 1
| #define HAVE_UNISTD_H 1
| #define HAVE_DLFCN_H 1
| #define LT_OBJDIR ".libs/"
| #define HAVE_ARPA_INET_H 1
| #define HAVE_FCNTL_H 1
| #define HAVE_MALLOC_H 1
| #define HAVE_NETDB_H 1
| #define HAVE_NETINET_IN_H 1
| #define HAVE_STDLIB_H 1
| #define HAVE_STRING_H 1
| #define HAVE_STRINGS_H 1
| #define HAVE_SYS_IOCTL_H 1
| #define HAVE_SYS_SOCKET_H 1
| #define HAVE_SYS_TIME_H 1
| #define HAVE_SYS_TIMEB_H 1
| #define HAVE_UNISTD_H 1
| #define HAVE__BOOL 1
| #define HAVE_STDBOOL_H 1
| /* end confdefs.h.  */
| #include <stdio.h>
| #ifdef HAVE_SYS_TYPES_H
| # include <sys/types.h>
| #endif
| #ifdef HAVE_SYS_STAT_H
| # include <sys/stat.h>
| #endif
| #ifdef STDC_HEADERS
| # include <stdlib.h>
| # include <stddef.h>
| #else
| # ifdef HAVE_STDLIB_H
| #  include <stdlib.h>
| # endif
| #endif
| #ifdef HAVE_STRING_H
| # if !defined STDC_HEADERS && defined HAVE_MEMORY_H
| #  include <memory.h>
| # endif
| # include <string.h>
| #endif
| #ifdef HAVE_STRINGS_H
| # include <strings.h>
| #endif
| #ifdef HAVE_INTTYPES_H
| # include <inttypes.h>
| #endif
| #ifdef HAVE_STDINT_H
| # include <stdint.h>
| #endif
| #ifdef HAVE_UNISTD_H
| # include <unistd.h>
| #endif
| int
| main ()
| {
| if (sizeof ((size_t)))
| 	    return 0;
|   ;
|   return 0;
| }
configure:16917: result: yes
configure:16928: checking for ssize_t
configure:16928: gcc -c -g -O2  conftest.c >&5
configure:16928: $? = 0
configure:16928: gcc -c -g -O2  conftest.c >&5
conftest.c: In function 'main':
conftest.c:74:22: error: expected expression before ')' token
configure:16928: $? = 1
configure: failed program was:
| /* confdefs.h */
| #define PACKAGE_NAME "oml2"
| #define PACKAGE_TARNAME "oml2"
| #define PACKAGE_VERSION "2.12.0pre.79-58cf-dirty"
| #define PACKAGE_STRING "oml2 2.12.0pre.79-58cf-dirty"
| #define PACKAGE_BUGREPORT "oml-user@lists.nicta.com.au"
| #define PACKAGE_URL ""
| #define PACKAGE "oml2"
| #define VERSION "2.12.0pre.79-58cf-dirty"
| #define STDC_HEADERS 1
| #define HAVE_SYS_TYPES_H 1
| #define HAVE_SYS_STAT_H 1
| #define HAVE_STDLIB_H 1
| #define HAVE_STRING_H 1
| #define HAVE_MEMORY_H 1
| #define HAVE_STRINGS_H 1
| #define HAVE_INTTYPES_H 1
| #define HAVE_STDINT_H 1
| #define HAVE_UNISTD_H 1
| #define HAVE_DLFCN_H 1
| #define LT_OBJDIR ".libs/"
| #define HAVE_ARPA_INET_H 1
| #define HAVE_FCNTL_H 1
| #define HAVE_MALLOC_H 1
| #define HAVE_NETDB_H 1
| #define HAVE_NETINET_IN_H 1
| #define HAVE_STDLIB_H 1
| #define HAVE_STRING_H 1
| #define HAVE_STRINGS_H 1
| #define HAVE_SYS_IOCTL_H 1
| #define HAVE_SYS_SOCKET_H 1
| #define HAVE_SYS_TIME_H 1
| #define HAVE_SYS_TIMEB_H 1
| #define HAVE_UNISTD_H 1
| #define HAVE__BOOL 1
| #define HAVE_STDBOOL_H 1
| /* end confdefs.h.  */
| #include <stdio.h>
| #ifdef HAVE_SYS_TYPES_H
| # include <sys/types.h>
| #endif
| #ifdef HAVE_SYS_STAT_H
| # include <sys/stat.h>
| #endif
| #ifdef STDC_HEADERS
| # include <stdlib.h>
| # include <stddef.h>
| #else
| # ifdef HAVE_STDLIB_H
| #  include <stdlib.h>
| # endif
| #endif
| #ifdef HAVE_STRING_H
| # if !defined STDC_HEADERS && defined HAVE_MEMORY_H
| #  include <memory.h>
| # endif
| # include <string.h>
| #endif
| #ifdef HAVE_STRINGS_H
| # include <strings.h>
| #endif
| #ifdef HAVE_INTTYPES_H
| # include <inttypes.h>
| #endif
| #ifdef HAVE_STDINT_H
| # include <stdint.h>
| #endif
| #ifdef HAVE_UNISTD_H
| # include <unistd.h>
| #endif
| int
| main ()
| {
| if (sizeof ((ssize_t)))
| 	    return 0;
|   ;
|   return 0;
| }
configure:16928: result: yes
configure:16939: checking for uint16_t
configure:16939: gcc -c -g -O2  conftest.c >&5
configure:16939: $? = 0
configure:16939: result: yes
configure:16951: checking for uint32_t
configure:16951: gcc -c -g -O2  conftest.c >&5
configure:16951: $? = 0
configure:16951: result: yes
configure:16965: checking for uint8_t
configure:16965: gcc -c -g -O2  conftest.c >&5
configure:16965: $? = 0
configure:16965: result: yes
configure:16983: checking vfork.h usability
configure:16983: gcc -c -g -O2  conftest.c >&5
conftest.c:71:19: fatal error: vfork.h: No such file or directory
compilation terminated.
configure:16983: $? = 1
configure: failed program was:
| /* confdefs.h */
| #define PACKAGE_NAME "oml2"
| #define PACKAGE_TARNAME "oml2"
| #define PACKAGE_VERSION "2.12.0pre.79-58cf-dirty"
| #define PACKAGE_STRING "oml2 2.12.0pre.79-58cf-dirty"
| #define PACKAGE_BUGREPORT "oml-user@lists.nicta.com.au"
| #define PACKAGE_URL ""
| #define PACKAGE "oml2"
| #define VERSION "2.12.0pre.79-58cf-dirty"
| #define STDC_HEADERS 1
| #define HAVE_SYS_TYPES_H 1
| #define HAVE_SYS_STAT_H 1
| #define HAVE_STDLIB_H 1
| #define HAVE_STRING_H 1
| #define HAVE_MEMORY_H 1
| #define HAVE_STRINGS_H 1
| #define HAVE_INTTYPES_H 1
| #define HAVE_STDINT_H 1
| #define HAVE_UNISTD_H 1
| #define HAVE_DLFCN_H 1
| #define LT_OBJDIR ".libs/"
| #define HAVE_ARPA_INET_H 1
| #define HAVE_FCNTL_H 1
| #define HAVE_MALLOC_H 1
| #define HAVE_NETDB_H 1
| #define HAVE_NETINET_IN_H 1
| #define HAVE_STDLIB_H 1
| #define HAVE_STRING_H 1
| #define HAVE_STRINGS_H 1
| #define HAVE_SYS_IOCTL_H 1
| #define HAVE_SYS_SOCKET_H 1
| #define HAVE_SYS_TIME_H 1
| #define HAVE_SYS_TIMEB_H 1
| #define HAVE_UNISTD_H 1
| #define HAVE__BOOL 1
| #define HAVE_STDBOOL_H 1
| /* end confdefs.h.  */
| #include <stdio.h>
| #ifdef HAVE_SYS_TYPES_H
| # include <sys/types.h>
| #endif
| #ifdef HAVE_SYS_STAT_H
| # include <sys/stat.h>
| #endif
| #ifdef STDC_HEADERS
| # include <stdlib.h>
| # include <stddef.h>
| #else
| # ifdef HAVE_STDLIB_H
| #  include <stdlib.h>
| # endif
| #endif
| #ifdef HAVE_STRING_H
| # if !defined STDC_HEADERS && defined HAVE_MEMORY_H
| #  include <memory.h>
| # endif
| # include <string.h>
| #endif
| #ifdef HAVE_STRINGS_H
| # include <strings.h>
| #endif
| #ifdef HAVE_INTTYPES_H
| # include <inttypes.h>
| #endif
| #ifdef HAVE_STDINT_H
| # include <stdint.h>
| #endif
| #ifdef HAVE_UNISTD_H
| # include <unistd.h>
| #endif
| #include <vfork.h>
configure:16983: result: no
configure:16983: checking vfork.h presence
configure:16983: gcc -E  conftest.c
conftest.c:38:19: fatal error: vfork.h: No such file or directory
compilation terminated.
configure:16983: $? = 1
configure: failed program was:
| /* confdefs.h */
| #define PACKAGE_NAME "oml2"
| #define PACKAGE_TARNAME "oml2"
| #define PACKAGE_VERSION "2.12.0pre.79-58cf-dirty"
| #define PACKAGE_STRING "oml2 2.12.0pre.79-58cf-dirty"
| #define PACKAGE_BUGREPORT "oml-user@lists.nicta.com.au"
| #define PACKAGE_URL ""
| #define PACKAGE "oml2"
| #define VERSION "2.12.0pre.79-58cf-dirty"
| #define STDC_HEADERS 1
| #define HAVE_SYS_TYPES_H 1
| #define HAVE_SYS_STAT_H 1
| #define HAVE_STDLIB_H 1
| #define HAVE_STRING_H 1
| #define HAVE_MEMORY_H 1
| #define HAVE_STRINGS_H 1
| #define HAVE_INTTYPES_H 1
| #define HAVE_STDINT_H 1
| #define HAVE_UNISTD_H 1
| #define HAVE_DLFCN_H 1
| #define LT_OBJDIR ".libs/"
| #define HAVE_ARPA_INET_H 1
| #define HAVE_FCNTL_H 1
| #define HAVE_MALLOC_H 1
| #define HAVE_NETDB_H 1
| #define HAVE_NETINET_IN_H 1
| #define HAVE_STDLIB_H 1
| #define HAVE_STRING_H 1
| #define HAVE_STRINGS_H 1
| #define HAVE_SYS_IOCTL_H 1
| #define HAVE_SYS_SOCKET_H 1
| #define HAVE_SYS_TIME_H 1
| #define HAVE_SYS_TIMEB_H 1
| #define HAVE_UNISTD_H 1
| #define HAVE__BOOL 1
| #define HAVE_STDBOOL_H 1
| /* end confdefs.h.  */
| #include <vfork.h>
configure:16983: result: no
configure:16983: checking for vfork.h
configure:16983: result: no
configure:16996: checking for fork
configure:16996: gcc -o conftest -g -O2   conftest.c  >&5
conftest.c:61:6: warning: conflicting types for built-in function 'fork' [enabled by default]
configure:16996: $? = 0
configure:16996: result: yes
configure:16996: checking for vfork
configure:16996: gcc -o conftest -g -O2   conftest.c  >&5
configure:16996: $? = 0
configure:16996: result: yes
configure:17006: checking for working fork
configure:17028: gcc -o conftest -g -O2   conftest.c  >&5
configure:17028: $? = 0
configure:17028: ./conftest
configure:17028: $? = 0
configure:17038: result: yes
configure:17059: checking for working vfork
configure:17169: result: yes
configure:17196: checking for stdlib.h
configure:17196: result: yes
configure:17206: checking for GNU libc compatible malloc
configure:17230: gcc -o conftest -g -O2   conftest.c  >&5
configure:17230: $? = 0
configure:17230: ./conftest
configure:17230: $? = 0
configure:17240: result: yes
configure:17264: checking for gethostbyname
configure:17264: gcc -o conftest -g -O2   conftest.c  >&5
configure:17264: $? = 0
configure:17264: result: yes
configure:17264: checking for gettimeofday
configure:17264: gcc -o conftest -g -O2   conftest.c  >&5
configure:17264: $? = 0
configure:17264: result: yes
configure:17264: checking for inet_ntoa
configure:17264: gcc -o conftest -g -O2   conftest.c  >&5
configure:17264: $? = 0
configure:17264: result: yes
configure:17264: checking for memmove
configure:17264: gcc -o conftest -g -O2   conftest.c  >&5
conftest.c:70:6: warning: conflicting types for built-in function 'memmove' [enabled by default]
configure:17264: $? = 0
configure:17264: result: yes
configure:17264: checking for memset
configure:17264: gcc -o conftest -g -O2   conftest.c  >&5
conftest.c:71:6: warning: conflicting types for built-in function 'memset' [enabled by default]
configure:17264: $? = 0
configure:17264: result: yes
configure:17264: checking for socket
configure:17264: gcc -o conftest -g -O2   conftest.c  >&5
configure:17264: $? = 0
configure:17264: result: yes
configure:17264: checking for strerror
configure:17264: gcc -o conftest -g -O2   conftest.c  >&5
configure:17264: $? = 0
configure:17264: result: yes
configure:17274: checking whether byte ordering is bigendian
configure:17289: gcc -c -g -O2  conftest.c >&5
conftest.c:52:9: error: unknown type name 'not'
conftest.c:52:15: error: expected '=', ',', ';', 'asm' or '__attribute__' before 'universal'
conftest.c:52:15: error: unknown type name 'universal'
configure:17289: $? = 1
configure: failed program was:
| /* confdefs.h */
| #define PACKAGE_NAME "oml2"
| #define PACKAGE_TARNAME "oml2"
| #define PACKAGE_VERSION "2.12.0pre.79-58cf-dirty"
| #define PACKAGE_STRING "oml2 2.12.0pre.79-58cf-dirty"
| #define PACKAGE_BUGREPORT "oml-user@lists.nicta.com.au"
| #define PACKAGE_URL ""
| #define PACKAGE "oml2"
| #define VERSION "2.12.0pre.79-58cf-dirty"
| #define STDC_HEADERS 1
| #define HAVE_SYS_TYPES_H 1
| #define HAVE_SYS_STAT_H 1
| #define HAVE_STDLIB_H 1
| #define HAVE_STRING_H 1
| #define HAVE_MEMORY_H 1
| #define HAVE_STRINGS_H 1
| #define HAVE_INTTYPES_H 1
| #define HAVE_STDINT_H 1
| #define HAVE_UNISTD_H 1
| #define HAVE_DLFCN_H 1
| #define LT_OBJDIR ".libs/"
| #define HAVE_ARPA_INET_H 1
| #define HAVE_FCNTL_H 1
| #define HAVE_MALLOC_H 1
| #define HAVE_NETDB_H 1
| #define HAVE_NETINET_IN_H 1
| #define HAVE_STDLIB_H 1
| #define HAVE_STRING_H 1
| #define HAVE_STRINGS_H 1
| #define HAVE_SYS_IOCTL_H 1
| #define HAVE_SYS_SOCKET_H 1
| #define HAVE_SYS_TIME_H 1
| #define HAVE_SYS_TIMEB_H 1
| #define HAVE_UNISTD_H 1
| #define HAVE__BOOL 1
| #define HAVE_STDBOOL_H 1
| #define HAVE_FORK 1
| #define HAVE_VFORK 1
| #define HAVE_WORKING_VFORK 1
| #define HAVE_WORKING_FORK 1
| #define HAVE_STDLIB_H 1
| #define HAVE_MALLOC 1
| #define HAVE_GETHOSTBYNAME 1
| #define HAVE_GETTIMEOFDAY 1
| #define HAVE_INET_NTOA 1
| #define HAVE_MEMMOVE 1
| #define HAVE_MEMSET 1
| #define HAVE_SOCKET 1
| #define HAVE_STRERROR 1
| /* end confdefs.h.  */
| #ifndef __APPLE_CC__
| 	       not a universal capable compiler
| 	     #endif
| 	     typedef int dummy;
| 
configure:17334: gcc -c -g -O2  conftest.c >&5
configure:17334: $? = 0
configure:17352: gcc -c -g -O2  conftest.c >&5
conftest.c: In function 'main':
conftest.c:58:4: error: unknown type name 'not'
conftest.c:58:12: error: expected '=', ',', ';', 'asm' or '__attribute__' before 'endian'
configure:17352: $? = 1
configure: failed program was:
| /* confdefs.h */
| #define PACKAGE_NAME "oml2"
| #define PACKAGE_TARNAME "oml2"
| #define PACKAGE_VERSION "2.12.0pre.79-58cf-dirty"
| #define PACKAGE_STRING "oml2 2.12.0pre.79-58cf-dirty"
| #define PACKAGE_BUGREPORT "oml-user@lists.nicta.com.au"
| #define PACKAGE_URL ""
| #define PACKAGE "oml2"
| #define VERSION "2.12.0pre.79-58cf-dirty"
| #define STDC_HEADERS 1
| #define HAVE_SYS_TYPES_H 1
| #define HAVE_SYS_STAT_H 1
| #define HAVE_STDLIB_H 1
| #define HAVE_STRING_H 1
| #define HAVE_MEMORY_H 1
| #define HAVE_STRINGS_H 1
| #define HAVE_INTTYPES_H 1
| #define HAVE_STDINT_H 1
| #define HAVE_UNISTD_H 1
| #define HAVE_DLFCN_H 1
| #define LT_OBJDIR ".libs/"
| #define HAVE_ARPA_INET_H 1
| #define HAVE_FCNTL_H 1
| #define HAVE_MALLOC_H 1
| #define HAVE_NETDB_H 1
| #define HAVE_NETINET_IN_H 1
| #define HAVE_STDLIB_H 1
| #define HAVE_STRING_H 1
| #define HAVE_STRINGS_H 1
| #define HAVE_SYS_IOCTL_H 1
| #define HAVE_SYS_SOCKET_H 1
| #define HAVE_SYS_TIME_H 1
| #define HAVE_SYS_TIMEB_H 1
| #define HAVE_UNISTD_H 1
| #define HAVE__BOOL 1
| #define HAVE_STDBOOL_H 1
| #define HAVE_FORK 1
| #define HAVE_VFORK 1
| #define HAVE_WORKING_VFORK 1
| #define HAVE_WORKING_FORK 1
| #define HAVE_STDLIB_H 1
| #define HAVE_MALLOC 1
| #define HAVE_GETHOSTBYNAME 1
| #define HAVE_GETTIMEOFDAY 1
| #define HAVE_INET_NTOA 1
| #define HAVE_MEMMOVE 1
| #define HAVE_MEMSET 1
| #define HAVE_SOCKET 1
| #define HAVE_STRERROR 1
| /* end confdefs.h.  */
| #include <sys/types.h>
| 		#include <sys/param.h>
| 
| int
| main ()
| {
| #if BYTE_ORDER != BIG_ENDIAN
| 		 not big endian
| 		#endif
| 
|   ;
|   return 0;
| }
configure:17480: result: no
configure:17541: checking for library containing sqrt
configure:17572: gcc -o conftest -g -O2   conftest.c  >&5
conftest.c:58:6: warning: conflicting types for built-in function 'sqrt' [enabled by default]
/tmp/cc8ACXO4.o: In function `main':
/home/andisadewi/soml/conftest.c:62: undefined reference to `sqrt'
collect2: error: ld returned 1 exit status
configure:17572: $? = 1
configure: failed program was:
| /* confdefs.h */
| #define PACKAGE_NAME "oml2"
| #define PACKAGE_TARNAME "oml2"
| #define PACKAGE_VERSION "2.12.0pre.79-58cf-dirty"
| #define PACKAGE_STRING "oml2 2.12.0pre.79-58cf-dirty"
| #define PACKAGE_BUGREPORT "oml-user@lists.nicta.com.au"
| #define PACKAGE_URL ""
| #define PACKAGE "oml2"
| #define VERSION "2.12.0pre.79-58cf-dirty"
| #define STDC_HEADERS 1
| #define HAVE_SYS_TYPES_H 1
| #define HAVE_SYS_STAT_H 1
| #define HAVE_STDLIB_H 1
| #define HAVE_STRING_H 1
| #define HAVE_MEMORY_H 1
| #define HAVE_STRINGS_H 1
| #define HAVE_INTTYPES_H 1
| #define HAVE_STDINT_H 1
| #define HAVE_UNISTD_H 1
| #define HAVE_DLFCN_H 1
| #define LT_OBJDIR ".libs/"
| #define HAVE_ARPA_INET_H 1
| #define HAVE_FCNTL_H 1
| #define HAVE_MALLOC_H 1
| #define HAVE_NETDB_H 1
| #define HAVE_NETINET_IN_H 1
| #define HAVE_STDLIB_H 1
| #define HAVE_STRING_H 1
| #define HAVE_STRINGS_H 1
| #define HAVE_SYS_IOCTL_H 1
| #define HAVE_SYS_SOCKET_H 1
| #define HAVE_SYS_TIME_H 1
| #define HAVE_SYS_TIMEB_H 1
| #define HAVE_UNISTD_H 1
| #define HAVE__BOOL 1
| #define HAVE_STDBOOL_H 1
| #define HAVE_FORK 1
| #define HAVE_VFORK 1
| #define HAVE_WORKING_VFORK 1
| #define HAVE_WORKING_FORK 1
| #define HAVE_STDLIB_H 1
| #define HAVE_MALLOC 1
| #define HAVE_GETHOSTBYNAME 1
| #define HAVE_GETTIMEOFDAY 1
| #define HAVE_INET_NTOA 1
| #define HAVE_MEMMOVE 1
| #define HAVE_MEMSET 1
| #define HAVE_SOCKET 1
| #define HAVE_STRERROR 1
| /* end confdefs.h.  */
| 
| /* Override any GCC internal prototype to avoid an error.
|    Use char because int might match the return type of a GCC
|    builtin and then its argument prototype would still apply.  */
| #ifdef __cplusplus
| extern "C"
| #endif
| char sqrt ();
| int
| main ()
| {
| return sqrt ();
|   ;
|   return 0;
| }
configure:17572: gcc -o conftest -g -O2   conftest.c -lm   >&5
conftest.c:58:6: warning: conflicting types for built-in function 'sqrt' [enabled by default]
configure:17572: $? = 0
configure:17589: result: -lm
configure:17601: checking for library containing frexp
configure:17632: gcc -o conftest -g -O2   conftest.c -lm  >&5
conftest.c:58:6: warning: conflicting types for built-in function 'frexp' [enabled by default]
configure:17632: $? = 0
configure:17649: result: none required
configure:17661: checking for library containing log10
configure:17692: gcc -o conftest -g -O2   conftest.c -lm  >&5
conftest.c:58:6: warning: conflicting types for built-in function 'log10' [enabled by default]
configure:17692: $? = 0
configure:17709: result: none required
configure:17721: checking for library containing floor
configure:17752: gcc -o conftest -g -O2   conftest.c -lm  >&5
conftest.c:58:6: warning: conflicting types for built-in function 'floor' [enabled by default]
configure:17752: $? = 0
configure:17769: result: none required
configure:17786: checking for library containing pthread_create
configure:17817: gcc -o conftest -g -O2   conftest.c  >&5
/tmp/ccv5nLOr.o: In function `main':
/home/andisadewi/soml/conftest.c:62: undefined reference to `pthread_create'
collect2: error: ld returned 1 exit status
configure:17817: $? = 1
configure: failed program was:
| /* confdefs.h */
| #define PACKAGE_NAME "oml2"
| #define PACKAGE_TARNAME "oml2"
| #define PACKAGE_VERSION "2.12.0pre.79-58cf-dirty"
| #define PACKAGE_STRING "oml2 2.12.0pre.79-58cf-dirty"
| #define PACKAGE_BUGREPORT "oml-user@lists.nicta.com.au"
| #define PACKAGE_URL ""
| #define PACKAGE "oml2"
| #define VERSION "2.12.0pre.79-58cf-dirty"
| #define STDC_HEADERS 1
| #define HAVE_SYS_TYPES_H 1
| #define HAVE_SYS_STAT_H 1
| #define HAVE_STDLIB_H 1
| #define HAVE_STRING_H 1
| #define HAVE_MEMORY_H 1
| #define HAVE_STRINGS_H 1
| #define HAVE_INTTYPES_H 1
| #define HAVE_STDINT_H 1
| #define HAVE_UNISTD_H 1
| #define HAVE_DLFCN_H 1
| #define LT_OBJDIR ".libs/"
| #define HAVE_ARPA_INET_H 1
| #define HAVE_FCNTL_H 1
| #define HAVE_MALLOC_H 1
| #define HAVE_NETDB_H 1
| #define HAVE_NETINET_IN_H 1
| #define HAVE_STDLIB_H 1
| #define HAVE_STRING_H 1
| #define HAVE_STRINGS_H 1
| #define HAVE_SYS_IOCTL_H 1
| #define HAVE_SYS_SOCKET_H 1
| #define HAVE_SYS_TIME_H 1
| #define HAVE_SYS_TIMEB_H 1
| #define HAVE_UNISTD_H 1
| #define HAVE__BOOL 1
| #define HAVE_STDBOOL_H 1
| #define HAVE_FORK 1
| #define HAVE_VFORK 1
| #define HAVE_WORKING_VFORK 1
| #define HAVE_WORKING_FORK 1
| #define HAVE_STDLIB_H 1
| #define HAVE_MALLOC 1
| #define HAVE_GETHOSTBYNAME 1
| #define HAVE_GETTIMEOFDAY 1
| #define HAVE_INET_NTOA 1
| #define HAVE_MEMMOVE 1
| #define HAVE_MEMSET 1
| #define HAVE_SOCKET 1
| #define HAVE_STRERROR 1
| /* end confdefs.h.  */
| 
| /* Override any GCC internal prototype to avoid an error.
|    Use char because int might match the return type of a GCC
|    builtin and then its argument prototype would still apply.  */
| #ifdef __cplusplus
| extern "C"
| #endif
| char pthread_create ();
| int
| main ()
| {
| return pthread_create ();
|   ;
|   return 0;
| }
configure:17817: gcc -o conftest -g -O2   conftest.c -lpthread   >&5
configure:17817: $? = 0
configure:17834: result: -lpthread
configure:17853: checking for library containing poptGetContext
configure:17884: gcc -o conftest -g -O2   conftest.c  >&5
/tmp/ccmn2Ter.o: In function `main':
/home/andisadewi/soml/conftest.c:63: undefined reference to `poptGetContext'
collect2: error: ld returned 1 exit status
configure:17884: $? = 1
configure: failed program was:
| /* confdefs.h */
| #define PACKAGE_NAME "oml2"
| #define PACKAGE_TARNAME "oml2"
| #define PACKAGE_VERSION "2.12.0pre.79-58cf-dirty"
| #define PACKAGE_STRING "oml2 2.12.0pre.79-58cf-dirty"
| #define PACKAGE_BUGREPORT "oml-user@lists.nicta.com.au"
| #define PACKAGE_URL ""
| #define PACKAGE "oml2"
| #define VERSION "2.12.0pre.79-58cf-dirty"
| #define STDC_HEADERS 1
| #define HAVE_SYS_TYPES_H 1
| #define HAVE_SYS_STAT_H 1
| #define HAVE_STDLIB_H 1
| #define HAVE_STRING_H 1
| #define HAVE_MEMORY_H 1
| #define HAVE_STRINGS_H 1
| #define HAVE_INTTYPES_H 1
| #define HAVE_STDINT_H 1
| #define HAVE_UNISTD_H 1
| #define HAVE_DLFCN_H 1
| #define LT_OBJDIR ".libs/"
| #define HAVE_ARPA_INET_H 1
| #define HAVE_FCNTL_H 1
| #define HAVE_MALLOC_H 1
| #define HAVE_NETDB_H 1
| #define HAVE_NETINET_IN_H 1
| #define HAVE_STDLIB_H 1
| #define HAVE_STRING_H 1
| #define HAVE_STRINGS_H 1
| #define HAVE_SYS_IOCTL_H 1
| #define HAVE_SYS_SOCKET_H 1
| #define HAVE_SYS_TIME_H 1
| #define HAVE_SYS_TIMEB_H 1
| #define HAVE_UNISTD_H 1
| #define HAVE__BOOL 1
| #define HAVE_STDBOOL_H 1
| #define HAVE_FORK 1
| #define HAVE_VFORK 1
| #define HAVE_WORKING_VFORK 1
| #define HAVE_WORKING_FORK 1
| #define HAVE_STDLIB_H 1
| #define HAVE_MALLOC 1
| #define HAVE_GETHOSTBYNAME 1
| #define HAVE_GETTIMEOFDAY 1
| #define HAVE_INET_NTOA 1
| #define HAVE_MEMMOVE 1
| #define HAVE_MEMSET 1
| #define HAVE_SOCKET 1
| #define HAVE_STRERROR 1
| #define HAVE_LIBPTHREAD 1
| /* end confdefs.h.  */
| 
| /* Override any GCC internal prototype to avoid an error.
|    Use char because int might match the return type of a GCC
|    builtin and then its argument prototype would still apply.  */
| #ifdef __cplusplus
| extern "C"
| #endif
| char poptGetContext ();
| int
| main ()
| {
| return poptGetContext ();
|   ;
|   return 0;
| }
configure:17884: gcc -o conftest -g -O2   conftest.c -lpopt   >&5
configure:17884: $? = 0
configure:17901: result: -lpopt
configure:17922: checking for library containing xmlParseFile
configure:17953: gcc -o conftest -g -O2   conftest.c  >&5
/tmp/ccmXLofy.o: In function `main':
/home/andisadewi/soml/conftest.c:64: undefined reference to `xmlParseFile'
collect2: error: ld returned 1 exit status
configure:17953: $? = 1
configure: failed program was:
| /* confdefs.h */
| #define PACKAGE_NAME "oml2"
| #define PACKAGE_TARNAME "oml2"
| #define PACKAGE_VERSION "2.12.0pre.79-58cf-dirty"
| #define PACKAGE_STRING "oml2 2.12.0pre.79-58cf-dirty"
| #define PACKAGE_BUGREPORT "oml-user@lists.nicta.com.au"
| #define PACKAGE_URL ""
| #define PACKAGE "oml2"
| #define VERSION "2.12.0pre.79-58cf-dirty"
| #define STDC_HEADERS 1
| #define HAVE_SYS_TYPES_H 1
| #define HAVE_SYS_STAT_H 1
| #define HAVE_STDLIB_H 1
| #define HAVE_STRING_H 1
| #define HAVE_MEMORY_H 1
| #define HAVE_STRINGS_H 1
| #define HAVE_INTTYPES_H 1
| #define HAVE_STDINT_H 1
| #define HAVE_UNISTD_H 1
| #define HAVE_DLFCN_H 1
| #define LT_OBJDIR ".libs/"
| #define HAVE_ARPA_INET_H 1
| #define HAVE_FCNTL_H 1
| #define HAVE_MALLOC_H 1
| #define HAVE_NETDB_H 1
| #define HAVE_NETINET_IN_H 1
| #define HAVE_STDLIB_H 1
| #define HAVE_STRING_H 1
| #define HAVE_STRINGS_H 1
| #define HAVE_SYS_IOCTL_H 1
| #define HAVE_SYS_SOCKET_H 1
| #define HAVE_SYS_TIME_H 1
| #define HAVE_SYS_TIMEB_H 1
| #define HAVE_UNISTD_H 1
| #define HAVE__BOOL 1
| #define HAVE_STDBOOL_H 1
| #define HAVE_FORK 1
| #define HAVE_VFORK 1
| #define HAVE_WORKING_VFORK 1
| #define HAVE_WORKING_FORK 1
| #define HAVE_STDLIB_H 1
| #define HAVE_MALLOC 1
| #define HAVE_GETHOSTBYNAME 1
| #define HAVE_GETTIMEOFDAY 1
| #define HAVE_INET_NTOA 1
| #define HAVE_MEMMOVE 1
| #define HAVE_MEMSET 1
| #define HAVE_SOCKET 1
| #define HAVE_STRERROR 1
| #define HAVE_LIBPTHREAD 1
| #define HAVE_LIBPOPT 1
| /* end confdefs.h.  */
| 
| /* Override any GCC internal prototype to avoid an error.
|    Use char because int might match the return type of a GCC
|    builtin and then its argument prototype would still apply.  */
| #ifdef __cplusplus
| extern "C"
| #endif
| char xmlParseFile ();
| int
| main ()
| {
| return xmlParseFile ();
|   ;
|   return 0;
| }
configure:17953: gcc -o conftest -g -O2   conftest.c -lxml2   >&5
configure:17953: $? = 0
configure:17970: result: -lxml2
configure:17988: checking for xml2-config
configure:18006: found /usr/bin/xml2-config
configure:18018: result: /usr/bin/xml2-config
configure:18029: checking how to include libxml2 headers
configure:18031: result: -I/usr/include/libxml2
configure:18050: checking libxml/tree.h usability
configure:18050: gcc -c -g -O2 -I/usr/include/libxml2  -I/usr/include/libxml2 conftest.c >&5
configure:18050: $? = 0
configure:18050: result: yes
configure:18050: checking libxml/tree.h presence
configure:18050: gcc -E  -I/usr/include/libxml2 conftest.c
configure:18050: $? = 0
configure:18050: result: yes
configure:18050: checking for libxml/tree.h
configure:18050: result: yes
configure:18067: checking for library containing sqlite3_open
configure:18098: gcc -o conftest -g -O2   conftest.c -lxml2  >&5
/tmp/ccGQE4RV.o: In function `main':
/home/andisadewi/soml/conftest.c:65: undefined reference to `sqlite3_open'
collect2: error: ld returned 1 exit status
configure:18098: $? = 1
configure: failed program was:
| /* confdefs.h */
| #define PACKAGE_NAME "oml2"
| #define PACKAGE_TARNAME "oml2"
| #define PACKAGE_VERSION "2.12.0pre.79-58cf-dirty"
| #define PACKAGE_STRING "oml2 2.12.0pre.79-58cf-dirty"
| #define PACKAGE_BUGREPORT "oml-user@lists.nicta.com.au"
| #define PACKAGE_URL ""
| #define PACKAGE "oml2"
| #define VERSION "2.12.0pre.79-58cf-dirty"
| #define STDC_HEADERS 1
| #define HAVE_SYS_TYPES_H 1
| #define HAVE_SYS_STAT_H 1
| #define HAVE_STDLIB_H 1
| #define HAVE_STRING_H 1
| #define HAVE_MEMORY_H 1
| #define HAVE_STRINGS_H 1
| #define HAVE_INTTYPES_H 1
| #define HAVE_STDINT_H 1
| #define HAVE_UNISTD_H 1
| #define HAVE_DLFCN_H 1
| #define LT_OBJDIR ".libs/"
| #define HAVE_ARPA_INET_H 1
| #define HAVE_FCNTL_H 1
| #define HAVE_MALLOC_H 1
| #define HAVE_NETDB_H 1
| #define HAVE_NETINET_IN_H 1
| #define HAVE_STDLIB_H 1
| #define HAVE_STRING_H 1
| #define HAVE_STRINGS_H 1
| #define HAVE_SYS_IOCTL_H 1
| #define HAVE_SYS_SOCKET_H 1
| #define HAVE_SYS_TIME_H 1
| #define HAVE_SYS_TIMEB_H 1
| #define HAVE_UNISTD_H 1
| #define HAVE__BOOL 1
| #define HAVE_STDBOOL_H 1
| #define HAVE_FORK 1
| #define HAVE_VFORK 1
| #define HAVE_WORKING_VFORK 1
| #define HAVE_WORKING_FORK 1
| #define HAVE_STDLIB_H 1
| #define HAVE_MALLOC 1
| #define HAVE_GETHOSTBYNAME 1
| #define HAVE_GETTIMEOFDAY 1
| #define HAVE_INET_NTOA 1
| #define HAVE_MEMMOVE 1
| #define HAVE_MEMSET 1
| #define HAVE_SOCKET 1
| #define HAVE_STRERROR 1
| #define HAVE_LIBPTHREAD 1
| #define HAVE_LIBPOPT 1
| #define HAVE_LIBXML2 1
| /* end confdefs.h.  */
| 
| /* Override any GCC internal prototype to avoid an error.
|    Use char because int might match the return type of a GCC
|    builtin and then its argument prototype would still apply.  */
| #ifdef __cplusplus
| extern "C"
| #endif
| char sqlite3_open ();
| int
| main ()
| {
| return sqlite3_open ();
|   ;
|   return 0;
| }
configure:18098: gcc -o conftest -g -O2   conftest.c -lsqlite3  -lxml2  >&5
configure:18098: $? = 0
configure:18115: result: -lsqlite3
configure:18128: checking sqlite3.h usability
configure:18128: gcc -c -g -O2  conftest.c >&5
configure:18128: $? = 0
configure:18128: result: yes
configure:18128: checking sqlite3.h presence
configure:18128: gcc -E  conftest.c
configure:18128: $? = 0
configure:18128: result: yes
configure:18128: checking for sqlite3.h
configure:18128: result: yes
configure:18215: checking libpq-fe.h usability
configure:18215: gcc -c -g -O2   conftest.c >&5
conftest.c:89:22: fatal error: libpq-fe.h: No such file or directory
compilation terminated.
configure:18215: $? = 1
configure: failed program was:
| /* confdefs.h */
| #define PACKAGE_NAME "oml2"
| #define PACKAGE_TARNAME "oml2"
| #define PACKAGE_VERSION "2.12.0pre.79-58cf-dirty"
| #define PACKAGE_STRING "oml2 2.12.0pre.79-58cf-dirty"
| #define PACKAGE_BUGREPORT "oml-user@lists.nicta.com.au"
| #define PACKAGE_URL ""
| #define PACKAGE "oml2"
| #define VERSION "2.12.0pre.79-58cf-dirty"
| #define STDC_HEADERS 1
| #define HAVE_SYS_TYPES_H 1
| #define HAVE_SYS_STAT_H 1
| #define HAVE_STDLIB_H 1
| #define HAVE_STRING_H 1
| #define HAVE_MEMORY_H 1
| #define HAVE_STRINGS_H 1
| #define HAVE_INTTYPES_H 1
| #define HAVE_STDINT_H 1
| #define HAVE_UNISTD_H 1
| #define HAVE_DLFCN_H 1
| #define LT_OBJDIR ".libs/"
| #define HAVE_ARPA_INET_H 1
| #define HAVE_FCNTL_H 1
| #define HAVE_MALLOC_H 1
| #define HAVE_NETDB_H 1
| #define HAVE_NETINET_IN_H 1
| #define HAVE_STDLIB_H 1
| #define HAVE_STRING_H 1
| #define HAVE_STRINGS_H 1
| #define HAVE_SYS_IOCTL_H 1
| #define HAVE_SYS_SOCKET_H 1
| #define HAVE_SYS_TIME_H 1
| #define HAVE_SYS_TIMEB_H 1
| #define HAVE_UNISTD_H 1
| #define HAVE__BOOL 1
| #define HAVE_STDBOOL_H 1
| #define HAVE_FORK 1
| #define HAVE_VFORK 1
| #define HAVE_WORKING_VFORK 1
| #define HAVE_WORKING_FORK 1
| #define HAVE_STDLIB_H 1
| #define HAVE_MALLOC 1
| #define HAVE_GETHOSTBYNAME 1
| #define HAVE_GETTIMEOFDAY 1
| #define HAVE_INET_NTOA 1
| #define HAVE_MEMMOVE 1
| #define HAVE_MEMSET 1
| #define HAVE_SOCKET 1
| #define HAVE_STRERROR 1
| #define HAVE_LIBPTHREAD 1
| #define HAVE_LIBPOPT 1
| #define HAVE_LIBXML2 1
| #define HAVE_LIBSQLITE3 1
| #define HAVE_LIBSEM 1
| /* end confdefs.h.  */
| #include <stdio.h>
| #ifdef HAVE_SYS_TYPES_H
| # include <sys/types.h>
| #endif
| #ifdef HAVE_SYS_STAT_H
| # include <sys/stat.h>
| #endif
| #ifdef STDC_HEADERS
| # include <stdlib.h>
| # include <stddef.h>
| #else
| # ifdef HAVE_STDLIB_H
| #  include <stdlib.h>
| # endif
| #endif
| #ifdef HAVE_STRING_H
| # if !defined STDC_HEADERS && defined HAVE_MEMORY_H
| #  include <memory.h>
| # endif
| # include <string.h>
| #endif
| #ifdef HAVE_STRINGS_H
| # include <strings.h>
| #endif
| #ifdef HAVE_INTTYPES_H
| # include <inttypes.h>
| #endif
| #ifdef HAVE_STDINT_H
| # include <stdint.h>
| #endif
| #ifdef HAVE_UNISTD_H
| # include <unistd.h>
| #endif
| #include <libpq-fe.h>
configure:18215: result: no
configure:18215: checking libpq-fe.h presence
configure:18215: gcc -E   conftest.c
conftest.c:56:22: fatal error: libpq-fe.h: No such file or directory
compilation terminated.
configure:18215: $? = 1
configure: failed program was:
| /* confdefs.h */
| #define PACKAGE_NAME "oml2"
| #define PACKAGE_TARNAME "oml2"
| #define PACKAGE_VERSION "2.12.0pre.79-58cf-dirty"
| #define PACKAGE_STRING "oml2 2.12.0pre.79-58cf-dirty"
| #define PACKAGE_BUGREPORT "oml-user@lists.nicta.com.au"
| #define PACKAGE_URL ""
| #define PACKAGE "oml2"
| #define VERSION "2.12.0pre.79-58cf-dirty"
| #define STDC_HEADERS 1
| #define HAVE_SYS_TYPES_H 1
| #define HAVE_SYS_STAT_H 1
| #define HAVE_STDLIB_H 1
| #define HAVE_STRING_H 1
| #define HAVE_MEMORY_H 1
| #define HAVE_STRINGS_H 1
| #define HAVE_INTTYPES_H 1
| #define HAVE_STDINT_H 1
| #define HAVE_UNISTD_H 1
| #define HAVE_DLFCN_H 1
| #define LT_OBJDIR ".libs/"
| #define HAVE_ARPA_INET_H 1
| #define HAVE_FCNTL_H 1
| #define HAVE_MALLOC_H 1
| #define HAVE_NETDB_H 1
| #define HAVE_NETINET_IN_H 1
| #define HAVE_STDLIB_H 1
| #define HAVE_STRING_H 1
| #define HAVE_STRINGS_H 1
| #define HAVE_SYS_IOCTL_H 1
| #define HAVE_SYS_SOCKET_H 1
| #define HAVE_SYS_TIME_H 1
| #define HAVE_SYS_TIMEB_H 1
| #define HAVE_UNISTD_H 1
| #define HAVE__BOOL 1
| #define HAVE_STDBOOL_H 1
| #define HAVE_FORK 1
| #define HAVE_VFORK 1
| #define HAVE_WORKING_VFORK 1
| #define HAVE_WORKING_FORK 1
| #define HAVE_STDLIB_H 1
| #define HAVE_MALLOC 1
| #define HAVE_GETHOSTBYNAME 1
| #define HAVE_GETTIMEOFDAY 1
| #define HAVE_INET_NTOA 1
| #define HAVE_MEMMOVE 1
| #define HAVE_MEMSET 1
| #define HAVE_SOCKET 1
| #define HAVE_STRERROR 1
| #define HAVE_LIBPTHREAD 1
| #define HAVE_LIBPOPT 1
| #define HAVE_LIBXML2 1
| #define HAVE_LIBSQLITE3 1
| #define HAVE_LIBSEM 1
| /* end confdefs.h.  */
| #include <libpq-fe.h>
configure:18215: result: no
configure:18215: checking for libpq-fe.h
configure:18215: result: no
configure:18221: checking for PQconnectdb in -lpq
configure:18246: gcc -o conftest -g -O2     conftest.c -lpq   >&5
configure:18246: $? = 0
configure:18255: result: yes
configure:18305: checking whether postgres executable path has been provided
configure:18372: result: no
configure:18376: checking for postgres
configure:18407: result: no
configure:19874: checking whether python executable path has been provided
configure:19941: result: no
configure:19945: checking for python
configure:19963: found /usr/bin/python
configure:19976: result: /usr/bin/python
configure:20016: checking whether ruby executable path has been provided
configure:20082: result: no
configure:20086: checking for ruby
configure:20104: found /usr/bin/ruby
configure:20116: result: /usr/bin/ruby
configure:20143: checking for ruby version
configure:20148: result: ruby 1.9.3p194 (2012-04-20 revision 35410) [i486-linux]
configure:20289: checking for pkg-config
configure:20307: found /usr/bin/pkg-config
configure:20319: result: /usr/bin/pkg-config
configure:20344: checking pkg-config is at least version 0.9.0
configure:20347: result: yes
configure:20357: checking for CHECK
configure:20364: $PKG_CONFIG --exists --print-errors "check >= 0.9.4"
configure:20367: $? = 0
configure:20381: $PKG_CONFIG --exists --print-errors "check >= 0.9.4"
configure:20384: $? = 0
configure:20422: result: yes
configure:20446: checking whether timeout executable path has been provided
configure:20512: result: no
configure:20516: checking for timeout
configure:20534: found /usr/bin/timeout
configure:20546: result: /usr/bin/timeout
configure:20579: checking for a2x
configure:20597: found /usr/bin/a2x
configure:20610: result: /usr/bin/a2x
configure:20620: checking for asciidoc
configure:20638: found /usr/bin/asciidoc
configure:20651: result: /usr/bin/asciidoc
configure:20710: checking whether plantuml executable path has been provided
configure:20777: result: no
configure:20781: checking for plantuml
configure:20812: result: no
configure:20942: checking for doxygen
configure:20960: found /usr/bin/doxygen
configure:20972: result: /usr/bin/doxygen
configure:21048: checking for perl
configure:21066: found /usr/bin/perl
configure:21078: result: /usr/bin/perl
configure:21212: checking for dot
configure:21230: found /usr/bin/dot
configure:21242: result: /usr/bin/dot
configure:23025: creating ./config.status

## ---------------------- ##
## Running config.status. ##
## ---------------------- ##

This file was extended by oml2 config.status 2.12.0pre.79-58cf-dirty, which was
generated by GNU Autoconf 2.69.  Invocation command line was

  CONFIG_FILES    = 
  CONFIG_HEADERS  = 
  CONFIG_LINKS    = 
  CONFIG_COMMANDS = 
  $ ./config.status 

on federation

config.status:1335: creating Makefile
config.status:1335: creating gnulib/Makefile
config.status:1335: creating lib/Makefile
config.status:1335: creating lib/client/Makefile
config.status:1335: creating lib/shared/Makefile
config.status:1335: creating lib/ocomm/Makefile
config.status:1335: creating ruby/Makefile
config.status:1335: creating ruby/oml2-scaffold
config.status:1335: creating server/Makefile
config.status:1335: creating proxy_server/Makefile
config.status:1335: creating doc/Makefile
config.status:1335: creating example/Makefile
config.status:1335: creating test/Makefile
config.status:1335: creating test/lib/Makefile
config.status:1335: creating test/server/Makefile
config.status:1335: creating test/system/Makefile
config.status:1335: creating config.h
config.status:1564: executing depfiles commands
config.status:1564: executing libtool commands

## ---------------- ##
## Cache variables. ##
## ---------------- ##

ac_cv_build=i686-pc-linux-gnu
ac_cv_c_bigendian=no
ac_cv_c_compiler_gnu=yes
ac_cv_c_inline=inline
ac_cv_c_uint16_t=yes
ac_cv_c_uint32_t=yes
ac_cv_c_uint8_t=yes
ac_cv_cxx_compiler_gnu=yes
ac_cv_env_CCC_set=
ac_cv_env_CCC_value=
ac_cv_env_CC_set=
ac_cv_env_CC_value=
ac_cv_env_CFLAGS_set=
ac_cv_env_CFLAGS_value=
ac_cv_env_CHECK_CFLAGS_set=
ac_cv_env_CHECK_CFLAGS_value=
ac_cv_env_CHECK_LIBS_set=
ac_cv_env_CHECK_LIBS_value=
ac_cv_env_CPPFLAGS_set=
ac_cv_env_CPPFLAGS_value=
ac_cv_env_CPP_set=
ac_cv_env_CPP_value=
ac_cv_env_CXXCPP_set=
ac_cv_env_CXXCPP_value=
ac_cv_env_CXXFLAGS_set=
ac_cv_env_CXXFLAGS_value=
ac_cv_env_CXX_set=
ac_cv_env_CXX_value=
ac_cv_env_DCH_set=
ac_cv_env_DCH_value=
ac_cv_env_DOXYGEN_PAPER_SIZE_set=
ac_cv_env_DOXYGEN_PAPER_SIZE_value=
ac_cv_env_DPKG_BUILDPACKAGE_set=
ac_cv_env_DPKG_BUILDPACKAGE_value=
ac_cv_env_GIT_set=
ac_cv_env_GIT_value=
ac_cv_env_LDFLAGS_set=
ac_cv_env_LDFLAGS_value=
ac_cv_env_LIBS_set=
ac_cv_env_LIBS_value=
ac_cv_env_MAKEPKG_set=
ac_cv_env_MAKEPKG_value=
ac_cv_env_PKG_CONFIG_LIBDIR_set=
ac_cv_env_PKG_CONFIG_LIBDIR_value=
ac_cv_env_PKG_CONFIG_PATH_set=
ac_cv_env_PKG_CONFIG_PATH_value=
ac_cv_env_PKG_CONFIG_set=
ac_cv_env_PKG_CONFIG_value=
ac_cv_env_PLANTUML_set=
ac_cv_env_PLANTUML_value=
ac_cv_env_POSTGRES_set=
ac_cv_env_POSTGRES_value=
ac_cv_env_PYTHON_set=
ac_cv_env_PYTHON_value=
ac_cv_env_RPMBUILD_set=
ac_cv_env_RPMBUILD_value=
ac_cv_env_RUBY_set=
ac_cv_env_RUBY_value=
ac_cv_env_TIMEOUT_set=
ac_cv_env_TIMEOUT_value=
ac_cv_env_build_alias_set=
ac_cv_env_build_alias_value=
ac_cv_env_host_alias_set=
ac_cv_env_host_alias_value=
ac_cv_env_target_alias_set=
ac_cv_env_target_alias_value=
ac_cv_func_fork=yes
ac_cv_func_fork_works=yes
ac_cv_func_gethostbyname=yes
ac_cv_func_gettimeofday=yes
ac_cv_func_inet_ntoa=yes
ac_cv_func_malloc_0_nonnull=yes
ac_cv_func_memmove=yes
ac_cv_func_memset=yes
ac_cv_func_socket=yes
ac_cv_func_strerror=yes
ac_cv_func_vfork=yes
ac_cv_func_vfork_works=yes
ac_cv_header_arpa_inet_h=yes
ac_cv_header_dlfcn_h=yes
ac_cv_header_fcntl_h=yes
ac_cv_header_inttypes_h=yes
ac_cv_header_libpq_fe_h=no
ac_cv_header_libxml_tree_h=yes
ac_cv_header_malloc_h=yes
ac_cv_header_memory_h=yes
ac_cv_header_netdb_h=yes
ac_cv_header_netinet_in_h=yes
ac_cv_header_sqlite3_h=yes
ac_cv_header_stdbool_h=yes
ac_cv_header_stdc=yes
ac_cv_header_stdint_h=yes
ac_cv_header_stdlib_h=yes
ac_cv_header_string_h=yes
ac_cv_header_strings_h=yes
ac_cv_header_sys_ioctl_h=yes
ac_cv_header_sys_socket_h=yes
ac_cv_header_sys_stat_h=yes
ac_cv_header_sys_time_h=yes
ac_cv_header_sys_timeb_h=yes
ac_cv_header_sys_types_h=yes
ac_cv_header_unistd_h=yes
ac_cv_header_vfork_h=no
ac_cv_host=i686-pc-linux-gnu
ac_cv_lib_pq_PQconnectdb=yes
ac_cv_objext=o
ac_cv_path_A2X=/usr/bin/a2x
ac_cv_path_ASCIIDOC=/usr/bin/asciidoc
ac_cv_path_EGREP='/bin/grep -E'
ac_cv_path_FGREP='/bin/grep -F'
ac_cv_path_GREP=/bin/grep
ac_cv_path_HAVE_XML2CFG=/usr/bin/xml2-config
ac_cv_path_PLANTUML=no
ac_cv_path_POSTGRES=no
ac_cv_path_PYTHON=/usr/bin/python
ac_cv_path_RUBY=/usr/bin/ruby
ac_cv_path_SED=/bin/sed
ac_cv_path_TIMEOUT=/usr/bin/timeout
ac_cv_path_ac_pt_DX_DOT=/usr/bin/dot
ac_cv_path_ac_pt_DX_DOXYGEN=/usr/bin/doxygen
ac_cv_path_ac_pt_DX_PERL=/usr/bin/perl
ac_cv_path_ac_pt_PKG_CONFIG=/usr/bin/pkg-config
ac_cv_path_install='/usr/bin/install -c'
ac_cv_path_mkdir=/bin/mkdir
ac_cv_prog_AWK=gawk
ac_cv_prog_CPP='gcc -E'
ac_cv_prog_CXXCPP='g++ -E'
ac_cv_prog_ac_ct_AR=ar
ac_cv_prog_ac_ct_CC=gcc
ac_cv_prog_ac_ct_CXX=g++
ac_cv_prog_ac_ct_MANIFEST_TOOL=mt
ac_cv_prog_ac_ct_OBJDUMP=objdump
ac_cv_prog_ac_ct_RANLIB=ranlib
ac_cv_prog_ac_ct_STRIP=strip
ac_cv_prog_cc_c89=
ac_cv_prog_cc_g=yes
ac_cv_prog_cc_gcc_c_o=yes
ac_cv_prog_cxx_g=yes
ac_cv_prog_make_make_set=yes
ac_cv_search_floor='none required'
ac_cv_search_frexp='none required'
ac_cv_search_log10='none required'
ac_cv_search_poptGetContext=-lpopt
ac_cv_search_pthread_create=-lpthread
ac_cv_search_sqlite3_open=-lsqlite3
ac_cv_search_sqrt=-lm
ac_cv_search_xmlParseFile=-lxml2
ac_cv_type__Bool=yes
ac_cv_type_pid_t=yes
ac_cv_type_size_t=yes
ac_cv_type_ssize_t=yes
am_cv_CC_dependencies_compiler_type=gcc3
am_cv_CXX_dependencies_compiler_type=gcc3
am_cv_ar_interface=ar
gl_cv_c_amsterdam_compiler=no
lt_cv_ar_at_file=@
lt_cv_archive_cmds_need_lc=no
lt_cv_deplibs_check_method=pass_all
lt_cv_file_magic_cmd='$MAGIC_CMD'
lt_cv_file_magic_test_file=
lt_cv_ld_reload_flag=-r
lt_cv_nm_interface='BSD nm'
lt_cv_objdir=.libs
lt_cv_path_LD=/usr/bin/ld
lt_cv_path_LDCXX=/usr/bin/ld
lt_cv_path_NM='/usr/bin/nm -B'
lt_cv_path_mainfest_tool=no
lt_cv_prog_compiler_c_o=yes
lt_cv_prog_compiler_c_o_CXX=yes
lt_cv_prog_compiler_pic='-fPIC -DPIC'
lt_cv_prog_compiler_pic_CXX='-fPIC -DPIC'
lt_cv_prog_compiler_pic_works=yes
lt_cv_prog_compiler_pic_works_CXX=yes
lt_cv_prog_compiler_rtti_exceptions=no
lt_cv_prog_compiler_static_works=yes
lt_cv_prog_compiler_static_works_CXX=yes
lt_cv_prog_gnu_ld=yes
lt_cv_prog_gnu_ldcxx=yes
lt_cv_sharedlib_from_linklib_cmd='printf %s\n'
lt_cv_shlibpath_overrides_runpath=no
lt_cv_sys_global_symbol_pipe='sed -n -e '\''s/^.*[	 ]\([ABCDGIRSTW][ABCDGIRSTW]*\)[	 ][	 ]*\([_A-Za-z][_A-Za-z0-9]*\)$/\1 \2 \2/p'\'' | sed '\''/ __gnu_lto/d'\'''
lt_cv_sys_global_symbol_to_c_name_address='sed -n -e '\''s/^: \([^ ]*\)[ ]*$/  {\"\1\", (void *) 0},/p'\'' -e '\''s/^[ABCDGIRSTW]* \([^ ]*\) \([^ ]*\)$/  {"\2", (void *) \&\2},/p'\'''
lt_cv_sys_global_symbol_to_c_name_address_lib_prefix='sed -n -e '\''s/^: \([^ ]*\)[ ]*$/  {\"\1\", (void *) 0},/p'\'' -e '\''s/^[ABCDGIRSTW]* \([^ ]*\) \(lib[^ ]*\)$/  {"\2", (void *) \&\2},/p'\'' -e '\''s/^[ABCDGIRSTW]* \([^ ]*\) \([^ ]*\)$/  {"lib\2", (void *) \&\2},/p'\'''
lt_cv_sys_global_symbol_to_cdecl='sed -n -e '\''s/^T .* \(.*\)$/extern int \1();/p'\'' -e '\''s/^[ABCDGIRSTW]* .* \(.*\)$/extern char \1;/p'\'''
lt_cv_sys_max_cmd_len=1572864
lt_cv_to_host_file_cmd=func_convert_file_noop
lt_cv_to_tool_file_cmd=func_convert_file_noop
pkg_cv_CHECK_CFLAGS=' '
pkg_cv_CHECK_LIBS='-lcheck_pic  '

## ----------------- ##
## Output variables. ##
## ----------------- ##

A2X='/usr/bin/a2x'
ACLOCAL='${SHELL} /home/andisadewi/soml/build-aux/missing --run aclocal-1.11'
AMDEPBACKSLASH='\'
AMDEP_FALSE='#'
AMDEP_TRUE=''
AMTAR='$${TAR-tar}'
AR='ar'
ARFLAGS='cru'
ASCIIDOC='/usr/bin/asciidoc'
AUTOCONF='${SHELL} /home/andisadewi/soml/build-aux/missing --run autoconf'
AUTOHEADER='${SHELL} /home/andisadewi/soml/build-aux/missing --run autoheader'
AUTOMAKE='${SHELL} /home/andisadewi/soml/build-aux/missing --run automake-1.11'
AWK='gawk'
BUILD_ANDROID_FALSE=''
BUILD_ANDROID_TRUE='#'
BUILD_ARCH_FALSE=''
BUILD_ARCH_TRUE='#'
BUILD_DEBIAN_FALSE=''
BUILD_DEBIAN_TRUE='#'
BUILD_RPM_FALSE=''
BUILD_RPM_TRUE='#'
CC='gcc'
CCDEPMODE='depmode=gcc3'
CFLAGS='-g -O2'
CHECK_CFLAGS=' '
CHECK_LIBS='-lcheck_pic  '
CPP='gcc -E'
CPPFLAGS=''
CXX='g++'
CXXCPP='g++ -E'
CXXDEPMODE='depmode=gcc3'
CXXFLAGS='-g -O2'
CYGPATH_W='echo'
DCH=''
DEFS='-DHAVE_CONFIG_H'
DEPDIR='.deps'
DLLTOOL='false'
DOXYGEN_PAPER_SIZE=''
DPKG_BUILDPACKAGE=''
DPKG_BUILDPACKAGE_FLAGS_ADD=''
DSYMUTIL=''
DUMPBIN=''
DX_COND_chi_FALSE=''
DX_COND_chi_TRUE='#'
DX_COND_chm_FALSE=''
DX_COND_chm_TRUE='#'
DX_COND_doc_FALSE='#'
DX_COND_doc_TRUE=''
DX_COND_dot_FALSE='#'
DX_COND_dot_TRUE=''
DX_COND_html_FALSE='#'
DX_COND_html_TRUE=''
DX_COND_latex_FALSE=''
DX_COND_latex_TRUE='#'
DX_COND_man_FALSE=''
DX_COND_man_TRUE='#'
DX_COND_pdf_FALSE=''
DX_COND_pdf_TRUE='#'
DX_COND_ps_FALSE=''
DX_COND_ps_TRUE='#'
DX_COND_rtf_FALSE=''
DX_COND_rtf_TRUE='#'
DX_COND_xml_FALSE=''
DX_COND_xml_TRUE='#'
DX_CONFIG='Doxyfile'
DX_DOCDIR='doxygen'
DX_DOT='/usr/bin/dot'
DX_DOXYGEN='/usr/bin/doxygen'
DX_DVIPS=''
DX_EGREP=''
DX_ENV=' SRCDIR='\''.'\'' PROJECT='\''oml2'\'' DOCDIR='\''doxygen'\'' VERSION='\''2.12.0pre.79-58cf-dirty'\'' PERL_PATH='\''/usr/bin/perl'\'' HAVE_DOT='\''YES'\'' DOT_PATH='\''/usr/bin'\'' GENERATE_MAN='\''NO'\'' GENERATE_RTF='\''NO'\'' GENERATE_XML='\''NO'\'' GENERATE_HTMLHELP='\''NO'\'' GENERATE_CHI='\''NO'\'' GENERATE_HTML='\''YES'\'' GENERATE_LATEX='\''NO'\'' EXTRACT_PRIVATE='\''NO'\'' EXTRACT_STATIC='\''NO'\'' ENABLE_CALLGRAPH='\''NO'\'' TOPSRCDIR='\''$(top_srcdir)'\'' BUILDDIR='\''$(builddir)'\'''
DX_FLAG_chi='0'
DX_FLAG_chm='0'
DX_FLAG_doc='1'
DX_FLAG_dot='1'
DX_FLAG_html='1'
DX_FLAG_man='0'
DX_FLAG_pdf='0'
DX_FLAG_ps='0'
DX_FLAG_rtf='0'
DX_FLAG_xml='0'
DX_HHC=''
DX_LATEX=''
DX_MAKEINDEX=''
DX_PDFLATEX=''
DX_PERL='/usr/bin/perl'
DX_PROJECT='oml2'
ECHO_C=''
ECHO_N='-n'
ECHO_T=''
EGREP='/bin/grep -E'
ENABLE_DOC_FALSE='#'
ENABLE_DOC_TRUE=''
ENABLE_PACKAGING_FALSE=''
ENABLE_PACKAGING_TRUE='#'
EXEEXT=''
FGREP='/bin/grep -F'
GIT=''
GITANDREF=''
GITARCHREF=''
GITBRANCH=''
GITDEBREF=''
GITHEAD=''
GITISTAG_FALSE='#'
GITISTAG_TRUE=''
GITLASTTAG=''
GITRPMREF=''
GITTAG=''
GL_COND_LIBTOOL_FALSE=''
GL_COND_LIBTOOL_TRUE='#'
GREP='/bin/grep'
HAVE_A2X_FALSE='#'
HAVE_A2X_TRUE=''
HAVE_ASCIIDOC_FALSE='#'
HAVE_ASCIIDOC_TRUE=''
HAVE_CHECK_FALSE='#'
HAVE_CHECK_TRUE=''
HAVE_LIBPQ_FALSE=''
HAVE_LIBPQ_TRUE='#'
HAVE_PLANTUML_FALSE=''
HAVE_PLANTUML_TRUE='#'
HAVE_POSTGRES_FALSE=''
HAVE_POSTGRES_TRUE='#'
HAVE_PYTHON_FALSE='#'
HAVE_PYTHON_TRUE=''
HAVE_RUBY_MIN_1_9_2_FALSE='#'
HAVE_RUBY_MIN_1_9_2_TRUE=''
HAVE_SEMANTIC_FALSE='#'
HAVE_SEMANTIC_TRUE=''
HAVE_XML2CFG='/usr/bin/xml2-config'
INSTALL_DATA='${INSTALL} -m 644'
INSTALL_PROGRAM='${INSTALL}'
INSTALL_SCRIPT='${INSTALL}'
INSTALL_STRIP_PROGRAM='$(install_sh) -c -s'
IS_ARCH_FALSE=''
IS_ARCH_TRUE='#'
IS_DEBIAN_FALSE=''
IS_DEBIAN_TRUE='#'
IS_REDHAT_FALSE=''
IS_REDHAT_TRUE='#'
LD='/usr/bin/ld'
LDFLAGS=''
LIBGNU_LIBDEPS=''
LIBGNU_LTLIBDEPS=''
LIBOBJS=''
LIBOCOMM_LT_VER='1:1:0'
LIBOCOMM_LT_VER_AGE='0'
LIBOCOMM_LT_VER_CUR='1'
LIBOCOMM_LT_VER_MIN='1'
LIBOCOMM_LT_VER_REV='1'
LIBOML2_LT_VER='10:1:1'
LIBOML2_LT_VER_AGE='1'
LIBOML2_LT_VER_CUR='10'
LIBOML2_LT_VER_MIN='9'
LIBOML2_LT_VER_REV='1'
LIBPQ_LIBS='-lpq'
LIBS=''
LIBTOOL='$(SHELL) $(top_builddir)/libtool'
LIPO=''
LN_S='ln -s'
LTLIBOBJS=''
MAKEINFO='${SHELL} /home/andisadewi/soml/build-aux/missing --run makeinfo'
MAKEPKG=''
MAKEPKG_FLAGS_ADD=''
MANIFEST_TOOL=':'
MKDIR_P='/bin/mkdir -p'
M_LIBS=' -lm'
NM='/usr/bin/nm -B'
NMEDIT=''
OBJDUMP='objdump'
OBJEXT='o'
OML_BASE_VER='2.12'
OML_PKG_VER='2.12.0~pre.79.58cf.dirty'
OTOOL64=''
OTOOL=''
PACKAGE='oml2'
PACKAGE_BUGREPORT='oml-user@lists.nicta.com.au'
PACKAGE_NAME='oml2'
PACKAGE_STRING='oml2 2.12.0pre.79-58cf-dirty'
PACKAGE_TARNAME='oml2'
PACKAGE_URL=''
PACKAGE_VERSION='2.12.0pre.79-58cf-dirty'
PATH_SEPARATOR=':'
PKG_CONFIG='/usr/bin/pkg-config'
PKG_CONFIG_LIBDIR=''
PKG_CONFIG_PATH=''
PLANTUML='no'
POPT_LIBS='-lpopt'
POSTGRES='no'
PQINCPATH=''
PQLIBPATH=''
PTHREAD_LIBS='-lpthread'
PYTHON='/usr/bin/python'
RANLIB='ranlib'
RPMBUILD=''
RPMBUILD_FLAGS_ADD=''
RUBY='/usr/bin/ruby'
RUBY_VERSION='ruby 1.9.3p194 (2012-04-20 revision 35410) [i486-linux]'
SED='/bin/sed'
SET_MAKE=''
SHELL='/bin/bash'
SQLITE3_LIBS='-lsqlite3'
STRIP='strip'
TIMEOUT='/usr/bin/timeout'
VERSION='2.12.0pre.79-58cf-dirty'
XML2_CFLAGS='-I/usr/include/libxml2'
XML2_LIBS='-lxml2'
ac_ct_AR='ar'
ac_ct_CC='gcc'
ac_ct_CXX='g++'
ac_ct_DUMPBIN=''
am__EXEEXT_FALSE=''
am__EXEEXT_TRUE='#'
am__fastdepCC_FALSE='#'
am__fastdepCC_TRUE=''
am__fastdepCXX_FALSE='#'
am__fastdepCXX_TRUE=''
am__include='include'
am__isrc=''
am__leading_dot='.'
am__nodep='_no'
am__quote=''
am__tar='$${TAR-tar} chof - "$$tardir"'
am__untar='$${TAR-tar} xf -'
bindir='${exec_prefix}/bin'
build='i686-pc-linux-gnu'
build_alias=''
build_cpu='i686'
build_os='linux-gnu'
build_vendor='pc'
datadir='${datarootdir}'
datarootdir='${prefix}/share'
docdir='${datarootdir}/doc/${PACKAGE_TARNAME}'
dvidir='${docdir}'
exec_prefix='${prefix}'
gl_LIBOBJS=''
gl_LTLIBOBJS=''
gltests_LIBOBJS=''
gltests_LTLIBOBJS=''
gltests_WITNESS='IN_OML2_GNULIB_TESTS'
host='i686-pc-linux-gnu'
host_alias=''
host_cpu='i686'
host_os='linux-gnu'
host_vendor='pc'
htmldir='${docdir}'
includedir='${prefix}/include'
infodir='${datarootdir}/info'
install_sh='${SHELL} /home/andisadewi/soml/build-aux/install-sh'
libdir='${exec_prefix}/lib'
libexecdir='${exec_prefix}/libexec'
localedir='${datarootdir}/locale'
localstatedir='${prefix}/var'
mandir='${datarootdir}/man'
mkdir_p='/bin/mkdir -p'
oldincludedir='/usr/include'
pdfdir='${docdir}'
pkglocalstatedir='${prefix}/var/oml2'
prefix='/usr/local'
program_transform_name='s,x,x,'
psdir='${docdir}'
sbindir='${exec_prefix}/sbin'
sharedstatedir='${prefix}/com'
sysconfdir='${prefix}/etc'
target_alias=''

## ----------- ##
## confdefs.h. ##
## ----------- ##

/* confdefs.h */
#define PACKAGE_NAME "oml2"
#define PACKAGE_TARNAME "oml2"
#define PACKAGE_VERSION "2.12.0pre.79-58cf-dirty"
#define PACKAGE_STRING "oml2 2.12.0pre.79-58cf-dirty"
#define PACKAGE_BUGREPORT "oml-user@lists.nicta.com.au"
#define PACKAGE_URL ""
#define PACKAGE "oml2"
#define VERSION "2.12.0pre.79-58cf-dirty"
#define STDC_HEADERS 1
#define HAVE_SYS_TYPES_H 1
#define HAVE_SYS_STAT_H 1
#define HAVE_STDLIB_H 1
#define HAVE_STRING_H 1
#define HAVE_MEMORY_H 1
#define HAVE_STRINGS_H 1
#define HAVE_INTTYPES_H 1
#define HAVE_STDINT_H 1
#define HAVE_UNISTD_H 1
#define HAVE_DLFCN_H 1
#define LT_OBJDIR ".libs/"
#define HAVE_ARPA_INET_H 1
#define HAVE_FCNTL_H 1
#define HAVE_MALLOC_H 1
#define HAVE_NETDB_H 1
#define HAVE_NETINET_IN_H 1
#define HAVE_STDLIB_H 1
#define HAVE_STRING_H 1
#define HAVE_STRINGS_H 1
#define HAVE_SYS_IOCTL_H 1
#define HAVE_SYS_SOCKET_H 1
#define HAVE_SYS_TIME_H 1
#define HAVE_SYS_TIMEB_H 1
#define HAVE_UNISTD_H 1
#define HAVE__BOOL 1
#define HAVE_STDBOOL_H 1
#define HAVE_FORK 1
#define HAVE_VFORK 1
#define HAVE_WORKING_VFORK 1
#define HAVE_WORKING_FORK 1
#define HAVE_STDLIB_H 1
#define HAVE_MALLOC 1
#define HAVE_GETHOSTBYNAME 1
#define HAVE_GETTIMEOFDAY 1
#define HAVE_INET_NTOA 1
#define HAVE_MEMMOVE 1
#define HAVE_MEMSET 1
#define HAVE_SOCKET 1
#define HAVE_STRERROR 1
#define HAVE_LIBPTHREAD 1
#define HAVE_LIBPOPT 1
#define HAVE_LIBXML2 1
#define HAVE_LIBSQLITE3 1
#define HAVE_LIBSEM 1

configure: exit 0
